2023/09/27 18:02:14 [notice] 1#1: signal 3 (SIGQUIT) received, shutting down
2023/09/27 18:02:14 [notice] 29#29: gracefully shutting down
2023/09/27 18:02:14 [notice] 30#30: gracefully shutting down
2023/09/27 18:02:14 [notice] 31#31: gracefully shutting down
2023/09/27 18:02:14 [notice] 32#32: gracefully shutting down
2023/09/27 18:02:14 [notice] 29#29: exiting
2023/09/27 18:02:14 [notice] 36#36: gracefully shutting down
2023/09/27 18:02:14 [notice] 32#32: exiting
2023/09/27 18:02:14 [notice] 33#33: gracefully shutting down
2023/09/27 18:02:14 [notice] 35#35: gracefully shutting down
2023/09/27 18:02:14 [notice] 38#38: gracefully shutting down
2023/09/27 18:02:14 [notice] 36#36: exiting
2023/09/27 18:02:14 [notice] 30#30: exiting
2023/09/27 18:02:14 [notice] 35#35: exiting
2023/09/27 18:02:14 [notice] 34#34: gracefully shutting down
2023/09/27 18:02:14 [notice] 38#38: exiting
2023/09/27 18:02:14 [notice] 32#32: exit
2023/09/27 18:02:14 [notice] 29#29: exit
2023/09/27 18:02:14 [notice] 36#36: exit
2023/09/27 18:02:14 [notice] 30#30: exit
2023/09/27 18:02:14 [notice] 35#35: exit
2023/09/27 18:02:14 [notice] 38#38: exit
2023/09/27 18:02:14 [notice] 39#39: gracefully shutting down
2023/09/27 18:02:14 [notice] 33#33: exiting
2023/09/27 18:02:14 [notice] 37#37: gracefully shutting down
2023/09/27 18:02:14 [notice] 31#31: exiting
2023/09/27 18:02:14 [notice] 40#40: gracefully shutting down
2023/09/27 18:02:14 [notice] 39#39: exiting
2023/09/27 18:02:14 [notice] 42#42: gracefully shutting down
2023/09/27 18:02:14 [notice] 41#41: gracefully shutting down
2023/09/27 18:02:14 [notice] 42#42: exiting
2023/09/27 18:02:14 [notice] 31#31: exit
2023/09/27 18:02:14 [notice] 34#34: exiting
2023/09/27 18:02:14 [notice] 42#42: exit
2023/09/27 18:02:14 [notice] 34#34: exit
2023/09/27 18:02:14 [notice] 39#39: exit
2023/09/27 18:02:14 [notice] 43#43: gracefully shutting down
2023/09/27 18:02:14 [notice] 40#40: exiting
2023/09/27 18:02:14 [notice] 33#33: exit
2023/09/27 18:02:14 [notice] 44#44: gracefully shutting down
2023/09/27 18:02:14 [notice] 37#37: exiting
2023/09/27 18:02:14 [notice] 40#40: exit
2023/09/27 18:02:14 [notice] 41#41: exiting
2023/09/27 18:02:14 [notice] 41#41: exit
2023/09/27 18:02:14 [notice] 37#37: exit
2023/09/27 18:02:14 [notice] 44#44: exiting
2023/09/27 18:02:14 [notice] 43#43: exiting
2023/09/27 18:02:14 [notice] 44#44: exit
2023/09/27 18:02:14 [notice] 43#43: exit
2023/09/27 18:02:14 [notice] 1#1: signal 17 (SIGCHLD) received from 34
2023/09/27 18:02:14 [notice] 1#1: worker process 31 exited with code 0
2023/09/27 18:02:14 [notice] 1#1: worker process 34 exited with code 0
2023/09/27 18:02:14 [notice] 1#1: worker process 40 exited with code 0
2023/09/27 18:02:14 [notice] 1#1: signal 29 (SIGIO) received
2023/09/27 18:02:14 [notice] 1#1: signal 17 (SIGCHLD) received from 44
2023/09/27 18:02:14 [notice] 1#1: worker process 32 exited with code 0
2023/09/27 18:02:14 [notice] 1#1: worker process 33 exited with code 0
2023/09/27 18:02:14 [notice] 1#1: worker process 35 exited with code 0
2023/09/27 18:02:14 [notice] 1#1: worker process 38 exited with code 0
2023/09/27 18:02:14 [notice] 1#1: worker process 39 exited with code 0
2023/09/27 18:02:14 [notice] 1#1: worker process 41 exited with code 0
2023/09/27 18:02:14 [notice] 1#1: worker process 44 exited with code 0
2023/09/27 18:02:14 [notice] 1#1: signal 29 (SIGIO) received
2023/09/27 18:02:14 [notice] 1#1: signal 17 (SIGCHLD) received from 36
2023/09/27 18:02:14 [notice] 1#1: worker process 29 exited with code 0
2023/09/27 18:02:14 [notice] 1#1: worker process 30 exited with code 0
2023/09/27 18:02:14 [notice] 1#1: worker process 36 exited with code 0
2023/09/27 18:02:14 [notice] 1#1: worker process 37 exited with code 0
2023/09/27 18:02:14 [notice] 1#1: worker process 42 exited with code 0
2023/09/27 18:02:14 [notice] 1#1: worker process 43 exited with code 0
2023/09/27 18:02:14 [notice] 1#1: exit
2023/09/27 18:02:15 [notice] 1#1: using the "epoll" event method
2023/09/27 18:02:15 [notice] 1#1: nginx/1.25.2
2023/09/27 18:02:15 [notice] 1#1: built by gcc 12.2.1 20220924 (Alpine 12.2.1_git20220924-r10) 
2023/09/27 18:02:15 [notice] 1#1: OS: Linux 5.15.90.1-microsoft-standard-WSL2
2023/09/27 18:02:15 [notice] 1#1: getrlimit(RLIMIT_NOFILE): 1048576:1048576
2023/09/27 18:02:15 [notice] 1#1: start worker processes
2023/09/27 18:02:15 [notice] 1#1: start worker process 29
2023/09/27 18:02:15 [notice] 1#1: start worker process 30
2023/09/27 18:02:15 [notice] 1#1: start worker process 31
2023/09/27 18:02:15 [notice] 1#1: start worker process 32
2023/09/27 18:02:15 [notice] 1#1: start worker process 33
2023/09/27 18:02:15 [notice] 1#1: start worker process 34
2023/09/27 18:02:15 [notice] 1#1: start worker process 35
2023/09/27 18:02:15 [notice] 1#1: start worker process 36
2023/09/27 18:02:15 [notice] 1#1: start worker process 37
2023/09/27 18:02:15 [notice] 1#1: start worker process 38
2023/09/27 18:02:15 [notice] 1#1: start worker process 39
2023/09/27 18:02:15 [notice] 1#1: start worker process 40
2023/09/27 18:02:15 [notice] 1#1: start worker process 41
2023/09/27 18:02:15 [notice] 1#1: start worker process 42
2023/09/27 18:02:15 [notice] 1#1: start worker process 43
2023/09/27 18:02:15 [notice] 1#1: start worker process 44
2023/09/27 18:07:50 [notice] 1#1: signal 3 (SIGQUIT) received, shutting down
2023/09/27 18:07:50 [notice] 29#29: gracefully shutting down
2023/09/27 18:07:50 [notice] 31#31: gracefully shutting down
2023/09/27 18:07:50 [notice] 30#30: gracefully shutting down
2023/09/27 18:07:50 [notice] 32#32: gracefully shutting down
2023/09/27 18:07:50 [notice] 34#34: gracefully shutting down
2023/09/27 18:07:50 [notice] 37#37: gracefully shutting down
2023/09/27 18:07:50 [notice] 40#40: gracefully shutting down
2023/09/27 18:07:50 [notice] 43#43: gracefully shutting down
2023/09/27 18:07:50 [notice] 39#39: gracefully shutting down
2023/09/27 18:07:50 [notice] 34#34: exiting
2023/09/27 18:07:50 [notice] 37#37: exiting
2023/09/27 18:07:50 [notice] 43#43: exiting
2023/09/27 18:07:50 [notice] 31#31: exiting
2023/09/27 18:07:50 [notice] 42#42: gracefully shutting down
2023/09/27 18:07:50 [notice] 35#35: gracefully shutting down
2023/09/27 18:07:50 [notice] 40#40: exiting
2023/09/27 18:07:50 [notice] 39#39: exiting
2023/09/27 18:07:50 [notice] 37#37: exit
2023/09/27 18:07:50 [notice] 43#43: exit
2023/09/27 18:07:50 [notice] 31#31: exit
2023/09/27 18:07:50 [notice] 34#34: exit
2023/09/27 18:07:50 [notice] 39#39: exit
2023/09/27 18:07:50 [notice] 40#40: exit
2023/09/27 18:07:50 [notice] 35#35: exiting
2023/09/27 18:07:50 [notice] 42#42: exiting
2023/09/27 18:07:50 [notice] 35#35: exit
2023/09/27 18:07:50 [notice] 42#42: exit
2023/09/27 18:07:50 [notice] 44#44: gracefully shutting down
2023/09/27 18:07:50 [notice] 33#33: gracefully shutting down
2023/09/27 18:07:50 [notice] 33#33: exiting
2023/09/27 18:07:50 [notice] 30#30: exiting
2023/09/27 18:07:50 [notice] 33#33: exit
2023/09/27 18:07:50 [notice] 29#29: exiting
2023/09/27 18:07:50 [notice] 36#36: gracefully shutting down
2023/09/27 18:07:50 [notice] 30#30: exit
2023/09/27 18:07:50 [notice] 38#38: gracefully shutting down
2023/09/27 18:07:50 [notice] 29#29: exit
2023/09/27 18:07:50 [notice] 44#44: exiting
2023/09/27 18:07:50 [notice] 44#44: exit
2023/09/27 18:07:50 [notice] 36#36: exiting
2023/09/27 18:07:50 [notice] 36#36: exit
2023/09/27 18:07:50 [notice] 41#41: gracefully shutting down
2023/09/27 18:07:50 [notice] 32#32: exiting
2023/09/27 18:07:50 [notice] 32#32: exit
2023/09/27 18:07:50 [notice] 38#38: exiting
2023/09/27 18:07:50 [notice] 38#38: exit
2023/09/27 18:07:50 [notice] 41#41: exiting
2023/09/27 18:07:50 [notice] 41#41: exit
2023/09/27 18:07:50 [notice] 1#1: signal 17 (SIGCHLD) received from 39
2023/09/27 18:07:50 [notice] 1#1: worker process 30 exited with code 0
2023/09/27 18:07:50 [notice] 1#1: worker process 31 exited with code 0
2023/09/27 18:07:50 [notice] 1#1: worker process 32 exited with code 0
2023/09/27 18:07:50 [notice] 1#1: worker process 34 exited with code 0
2023/09/27 18:07:50 [notice] 1#1: worker process 35 exited with code 0
2023/09/27 18:07:50 [notice] 1#1: worker process 37 exited with code 0
2023/09/27 18:07:50 [notice] 1#1: worker process 38 exited with code 0
2023/09/27 18:07:50 [notice] 1#1: worker process 39 exited with code 0
2023/09/27 18:07:50 [notice] 1#1: worker process 40 exited with code 0
2023/09/27 18:07:50 [notice] 1#1: worker process 41 exited with code 0
2023/09/27 18:07:50 [notice] 1#1: signal 29 (SIGIO) received
2023/09/27 18:07:50 [notice] 1#1: signal 17 (SIGCHLD) received from 29
2023/09/27 18:07:50 [notice] 1#1: worker process 29 exited with code 0
2023/09/27 18:07:50 [notice] 1#1: signal 29 (SIGIO) received
2023/09/27 18:07:50 [notice] 1#1: signal 17 (SIGCHLD) received from 42
2023/09/27 18:07:50 [notice] 1#1: worker process 42 exited with code 0
2023/09/27 18:07:50 [notice] 1#1: signal 29 (SIGIO) received
2023/09/27 18:07:50 [notice] 1#1: signal 17 (SIGCHLD) received from 33
2023/09/27 18:07:50 [notice] 1#1: worker process 33 exited with code 0
2023/09/27 18:07:50 [notice] 1#1: signal 29 (SIGIO) received
2023/09/27 18:07:50 [notice] 1#1: signal 17 (SIGCHLD) received from 43
2023/09/27 18:07:50 [notice] 1#1: worker process 36 exited with code 0
2023/09/27 18:07:50 [notice] 1#1: worker process 43 exited with code 0
2023/09/27 18:07:50 [notice] 1#1: worker process 44 exited with code 0
2023/09/27 18:07:50 [notice] 1#1: exit
2023/09/27 18:07:52 [emerg] 1#1: host not found in upstream "api" in /etc/nginx/conf.d/default.conf:52
2023/09/27 18:08:00 [emerg] 1#1: host not found in upstream "api" in /etc/nginx/conf.d/default.conf:52
2023/09/27 18:08:09 [notice] 1#1: using the "epoll" event method
2023/09/27 18:08:09 [notice] 1#1: nginx/1.25.2
2023/09/27 18:08:09 [notice] 1#1: built by gcc 12.2.1 20220924 (Alpine 12.2.1_git20220924-r10) 
2023/09/27 18:08:09 [notice] 1#1: OS: Linux 5.15.90.1-microsoft-standard-WSL2
2023/09/27 18:08:09 [notice] 1#1: getrlimit(RLIMIT_NOFILE): 1048576:1048576
2023/09/27 18:08:09 [notice] 1#1: start worker processes
2023/09/27 18:08:09 [notice] 1#1: start worker process 29
2023/09/27 18:08:09 [notice] 1#1: start worker process 30
2023/09/27 18:08:09 [notice] 1#1: start worker process 31
2023/09/27 18:08:09 [notice] 1#1: start worker process 32
2023/09/27 18:08:09 [notice] 1#1: start worker process 33
2023/09/27 18:08:09 [notice] 1#1: start worker process 34
2023/09/27 18:08:09 [notice] 1#1: start worker process 35
2023/09/27 18:08:09 [notice] 1#1: start worker process 36
2023/09/27 18:08:09 [notice] 1#1: start worker process 37
2023/09/27 18:08:09 [notice] 1#1: start worker process 38
2023/09/27 18:08:09 [notice] 1#1: start worker process 39
2023/09/27 18:08:09 [notice] 1#1: start worker process 40
2023/09/27 18:08:09 [notice] 1#1: start worker process 41
2023/09/27 18:08:09 [notice] 1#1: start worker process 42
2023/09/27 18:08:09 [notice] 1#1: start worker process 43
2023/09/27 18:08:09 [notice] 1#1: start worker process 44
2023/09/27 18:08:16 [error] 29#29: *3 connect() failed (111: Connection refused) while connecting to upstream, client: 192.168.224.3, server: , request: "GET /api/weatherforecast HTTP/1.0", upstream: "http://192.168.224.5:5000/api/weatherforecast", host: "nginx:81"
2023/09/27 18:21:55 [notice] 1#1: signal 3 (SIGQUIT) received, shutting down
2023/09/27 18:21:55 [notice] 32#32: gracefully shutting down
2023/09/27 18:21:55 [notice] 30#30: gracefully shutting down
2023/09/27 18:21:55 [notice] 36#36: gracefully shutting down
2023/09/27 18:21:55 [notice] 31#31: gracefully shutting down
2023/09/27 18:21:55 [notice] 34#34: gracefully shutting down
2023/09/27 18:21:55 [notice] 29#29: gracefully shutting down
2023/09/27 18:21:55 [notice] 32#32: exiting
2023/09/27 18:21:55 [notice] 35#35: gracefully shutting down
2023/09/27 18:21:55 [notice] 39#39: gracefully shutting down
2023/09/27 18:21:55 [notice] 30#30: exiting
2023/09/27 18:21:55 [notice] 37#37: gracefully shutting down
2023/09/27 18:21:55 [notice] 29#29: exiting
2023/09/27 18:21:55 [notice] 32#32: exit
2023/09/27 18:21:55 [notice] 30#30: exit
2023/09/27 18:21:55 [notice] 34#34: exiting
2023/09/27 18:21:55 [notice] 37#37: exiting
2023/09/27 18:21:55 [notice] 36#36: exiting
2023/09/27 18:21:55 [notice] 29#29: exit
2023/09/27 18:21:55 [notice] 39#39: exiting
2023/09/27 18:21:55 [notice] 36#36: exit
2023/09/27 18:21:55 [notice] 34#34: exit
2023/09/27 18:21:55 [notice] 35#35: exiting
2023/09/27 18:21:55 [notice] 39#39: exit
2023/09/27 18:21:55 [notice] 35#35: exit
2023/09/27 18:21:55 [notice] 31#31: exiting
2023/09/27 18:21:55 [notice] 31#31: exit
2023/09/27 18:21:55 [notice] 37#37: exit
2023/09/27 18:21:55 [notice] 33#33: gracefully shutting down
2023/09/27 18:21:55 [notice] 40#40: gracefully shutting down
2023/09/27 18:21:55 [notice] 43#43: gracefully shutting down
2023/09/27 18:21:55 [notice] 41#41: gracefully shutting down
2023/09/27 18:21:55 [notice] 40#40: exiting
2023/09/27 18:21:55 [notice] 41#41: exiting
2023/09/27 18:21:55 [notice] 43#43: exiting
2023/09/27 18:21:55 [notice] 40#40: exit
2023/09/27 18:21:55 [notice] 41#41: exit
2023/09/27 18:21:55 [notice] 43#43: exit
2023/09/27 18:21:55 [notice] 44#44: gracefully shutting down
2023/09/27 18:21:55 [notice] 44#44: exiting
2023/09/27 18:21:55 [notice] 44#44: exit
2023/09/27 18:21:55 [notice] 42#42: gracefully shutting down
2023/09/27 18:21:55 [notice] 38#38: gracefully shutting down
2023/09/27 18:21:55 [notice] 33#33: exiting
2023/09/27 18:21:55 [notice] 38#38: exiting
2023/09/27 18:21:55 [notice] 33#33: exit
2023/09/27 18:21:55 [notice] 38#38: exit
2023/09/27 18:21:55 [notice] 42#42: exiting
2023/09/27 18:21:55 [notice] 42#42: exit
2023/09/27 18:21:55 [notice] 1#1: signal 17 (SIGCHLD) received from 43
2023/09/27 18:21:55 [notice] 1#1: worker process 32 exited with code 0
2023/09/27 18:21:55 [notice] 1#1: worker process 37 exited with code 0
2023/09/27 18:21:55 [notice] 1#1: worker process 42 exited with code 0
2023/09/27 18:21:55 [notice] 1#1: worker process 43 exited with code 0
2023/09/27 18:21:55 [notice] 1#1: worker process 44 exited with code 0
2023/09/27 18:21:55 [notice] 1#1: signal 29 (SIGIO) received
2023/09/27 18:21:55 [notice] 1#1: signal 17 (SIGCHLD) received from 44
2023/09/27 18:21:55 [notice] 1#1: signal 17 (SIGCHLD) received from 34
2023/09/27 18:21:55 [notice] 1#1: worker process 29 exited with code 0
2023/09/27 18:21:55 [notice] 1#1: worker process 30 exited with code 0
2023/09/27 18:21:55 [notice] 1#1: worker process 33 exited with code 0
2023/09/27 18:21:55 [notice] 1#1: worker process 34 exited with code 0
2023/09/27 18:21:55 [notice] 1#1: worker process 35 exited with code 0
2023/09/27 18:21:55 [notice] 1#1: worker process 36 exited with code 0
2023/09/27 18:21:55 [notice] 1#1: worker process 38 exited with code 0
2023/09/27 18:21:55 [notice] 1#1: worker process 39 exited with code 0
2023/09/27 18:21:55 [notice] 1#1: worker process 40 exited with code 0
2023/09/27 18:21:55 [notice] 1#1: worker process 41 exited with code 0
2023/09/27 18:21:55 [notice] 1#1: signal 29 (SIGIO) received
2023/09/27 18:21:55 [notice] 1#1: signal 17 (SIGCHLD) received from 38
2023/09/27 18:21:55 [notice] 1#1: signal 17 (SIGCHLD) received from 31
2023/09/27 18:21:55 [notice] 1#1: worker process 31 exited with code 0
2023/09/27 18:21:55 [notice] 1#1: exit
2023/09/27 18:22:12 [notice] 1#1: using the "epoll" event method
2023/09/27 18:22:12 [notice] 1#1: nginx/1.25.2
2023/09/27 18:22:12 [notice] 1#1: built by gcc 12.2.1 20220924 (Alpine 12.2.1_git20220924-r10) 
2023/09/27 18:22:12 [notice] 1#1: OS: Linux 5.15.90.1-microsoft-standard-WSL2
2023/09/27 18:22:12 [notice] 1#1: getrlimit(RLIMIT_NOFILE): 1048576:1048576
2023/09/27 18:22:12 [notice] 1#1: start worker processes
2023/09/27 18:22:12 [notice] 1#1: start worker process 29
2023/09/27 18:22:12 [notice] 1#1: start worker process 30
2023/09/27 18:22:12 [notice] 1#1: start worker process 31
2023/09/27 18:22:12 [notice] 1#1: start worker process 32
2023/09/27 18:22:12 [notice] 1#1: start worker process 33
2023/09/27 18:22:12 [notice] 1#1: start worker process 34
2023/09/27 18:22:12 [notice] 1#1: start worker process 35
2023/09/27 18:22:12 [notice] 1#1: start worker process 36
2023/09/27 18:22:12 [notice] 1#1: start worker process 37
2023/09/27 18:22:12 [notice] 1#1: start worker process 38
2023/09/27 18:22:12 [notice] 1#1: start worker process 39
2023/09/27 18:22:12 [notice] 1#1: start worker process 40
2023/09/27 18:22:12 [notice] 1#1: start worker process 41
2023/09/27 18:22:12 [notice] 1#1: start worker process 42
2023/09/27 18:22:12 [notice] 1#1: start worker process 43
2023/09/27 18:22:12 [notice] 1#1: start worker process 44
2023/09/27 18:27:20 [notice] 1#1: signal 3 (SIGQUIT) received, shutting down
2023/09/27 18:27:20 [notice] 30#30: gracefully shutting down
2023/09/27 18:27:20 [notice] 29#29: gracefully shutting down
2023/09/27 18:27:20 [notice] 31#31: gracefully shutting down
2023/09/27 18:27:20 [notice] 32#32: gracefully shutting down
2023/09/27 18:27:20 [notice] 33#33: gracefully shutting down
2023/09/27 18:27:20 [notice] 31#31: exiting
2023/09/27 18:27:20 [notice] 34#34: gracefully shutting down
2023/09/27 18:27:20 [notice] 36#36: gracefully shutting down
2023/09/27 18:27:20 [notice] 32#32: exiting
2023/09/27 18:27:20 [notice] 33#33: exiting
2023/09/27 18:27:20 [notice] 38#38: gracefully shutting down
2023/09/27 18:27:20 [notice] 37#37: gracefully shutting down
2023/09/27 18:27:20 [notice] 36#36: exiting
2023/09/27 18:27:20 [notice] 40#40: gracefully shutting down
2023/09/27 18:27:20 [notice] 41#41: gracefully shutting down
2023/09/27 18:27:20 [notice] 43#43: gracefully shutting down
2023/09/27 18:27:20 [notice] 32#32: exit
2023/09/27 18:27:20 [notice] 42#42: gracefully shutting down
2023/09/27 18:27:20 [notice] 36#36: exit
2023/09/27 18:27:20 [notice] 42#42: exiting
2023/09/27 18:27:20 [notice] 38#38: exiting
2023/09/27 18:27:20 [notice] 41#41: exiting
2023/09/27 18:27:20 [notice] 43#43: exiting
2023/09/27 18:27:20 [notice] 40#40: exiting
2023/09/27 18:27:20 [notice] 41#41: exit
2023/09/27 18:27:20 [notice] 40#40: exit
2023/09/27 18:27:20 [notice] 42#42: exit
2023/09/27 18:27:20 [notice] 38#38: exit
2023/09/27 18:27:20 [notice] 43#43: exit
2023/09/27 18:27:20 [notice] 44#44: gracefully shutting down
2023/09/27 18:27:20 [notice] 44#44: exiting
2023/09/27 18:27:20 [notice] 44#44: exit
2023/09/27 18:27:20 [notice] 34#34: exiting
2023/09/27 18:27:20 [notice] 30#30: exiting
2023/09/27 18:27:20 [notice] 35#35: gracefully shutting down
2023/09/27 18:27:20 [notice] 29#29: exiting
2023/09/27 18:27:20 [notice] 34#34: exit
2023/09/27 18:27:20 [notice] 39#39: gracefully shutting down
2023/09/27 18:27:20 [notice] 29#29: exit
2023/09/27 18:27:20 [notice] 35#35: exiting
2023/09/27 18:27:20 [notice] 37#37: exiting
2023/09/27 18:27:20 [notice] 33#33: exit
2023/09/27 18:27:20 [notice] 35#35: exit
2023/09/27 18:27:20 [notice] 30#30: exit
2023/09/27 18:27:20 [notice] 31#31: exit
2023/09/27 18:27:20 [notice] 39#39: exiting
2023/09/27 18:27:20 [notice] 37#37: exit
2023/09/27 18:27:20 [notice] 39#39: exit
2023/09/27 18:27:20 [notice] 1#1: signal 17 (SIGCHLD) received from 33
2023/09/27 18:27:20 [notice] 1#1: worker process 33 exited with code 0
2023/09/27 18:27:20 [notice] 1#1: signal 29 (SIGIO) received
2023/09/27 18:27:20 [notice] 1#1: signal 17 (SIGCHLD) received from 36
2023/09/27 18:27:20 [notice] 1#1: worker process 30 exited with code 0
2023/09/27 18:27:20 [notice] 1#1: worker process 36 exited with code 0
2023/09/27 18:27:20 [notice] 1#1: signal 29 (SIGIO) received
2023/09/27 18:27:20 [notice] 1#1: signal 17 (SIGCHLD) received from 40
2023/09/27 18:27:20 [notice] 1#1: worker process 32 exited with code 0
2023/09/27 18:27:20 [notice] 1#1: worker process 40 exited with code 0
2023/09/27 18:27:20 [notice] 1#1: signal 29 (SIGIO) received
2023/09/27 18:27:20 [notice] 1#1: signal 17 (SIGCHLD) received from 39
2023/09/27 18:27:20 [notice] 1#1: worker process 39 exited with code 0
2023/09/27 18:27:20 [notice] 1#1: worker process 41 exited with code 0
2023/09/27 18:27:20 [notice] 1#1: signal 29 (SIGIO) received
2023/09/27 18:27:20 [notice] 1#1: signal 17 (SIGCHLD) received from 38
2023/09/27 18:27:20 [notice] 1#1: worker process 29 exited with code 0
2023/09/27 18:27:20 [notice] 1#1: worker process 35 exited with code 0
2023/09/27 18:27:20 [notice] 1#1: worker process 38 exited with code 0
2023/09/27 18:27:20 [notice] 1#1: signal 29 (SIGIO) received
2023/09/27 18:27:20 [notice] 1#1: signal 17 (SIGCHLD) received from 29
2023/09/27 18:27:20 [notice] 1#1: signal 17 (SIGCHLD) received from 44
2023/09/27 18:27:20 [notice] 1#1: worker process 43 exited with code 0
2023/09/27 18:27:20 [notice] 1#1: worker process 44 exited with code 0
2023/09/27 18:27:20 [notice] 1#1: signal 29 (SIGIO) received
2023/09/27 18:27:20 [notice] 1#1: signal 17 (SIGCHLD) received from 31
2023/09/27 18:27:20 [notice] 1#1: worker process 31 exited with code 0
2023/09/27 18:27:20 [notice] 1#1: worker process 34 exited with code 0
2023/09/27 18:27:20 [notice] 1#1: worker process 37 exited with code 0
2023/09/27 18:27:20 [notice] 1#1: signal 29 (SIGIO) received
2023/09/27 18:27:20 [notice] 1#1: signal 17 (SIGCHLD) received from 37
2023/09/27 18:27:20 [notice] 1#1: signal 17 (SIGCHLD) received from 42
2023/09/27 18:27:20 [notice] 1#1: worker process 42 exited with code 0
2023/09/27 18:27:20 [notice] 1#1: exit
2023/09/27 18:27:21 [notice] 1#1: using the "epoll" event method
2023/09/27 18:27:21 [notice] 1#1: nginx/1.25.2
2023/09/27 18:27:21 [notice] 1#1: built by gcc 12.2.1 20220924 (Alpine 12.2.1_git20220924-r10) 
2023/09/27 18:27:21 [notice] 1#1: OS: Linux 5.15.90.1-microsoft-standard-WSL2
2023/09/27 18:27:21 [notice] 1#1: getrlimit(RLIMIT_NOFILE): 1048576:1048576
2023/09/27 18:27:21 [notice] 1#1: start worker processes
2023/09/27 18:27:21 [notice] 1#1: start worker process 29
2023/09/27 18:27:21 [notice] 1#1: start worker process 30
2023/09/27 18:27:21 [notice] 1#1: start worker process 31
2023/09/27 18:27:21 [notice] 1#1: start worker process 32
2023/09/27 18:27:21 [notice] 1#1: start worker process 33
2023/09/27 18:27:21 [notice] 1#1: start worker process 34
2023/09/27 18:27:21 [notice] 1#1: start worker process 35
2023/09/27 18:27:21 [notice] 1#1: start worker process 36
2023/09/27 18:27:21 [notice] 1#1: start worker process 37
2023/09/27 18:27:21 [notice] 1#1: start worker process 38
2023/09/27 18:27:21 [notice] 1#1: start worker process 39
2023/09/27 18:27:21 [notice] 1#1: start worker process 40
2023/09/27 18:27:21 [notice] 1#1: start worker process 41
2023/09/27 18:27:21 [notice] 1#1: start worker process 42
2023/09/27 18:27:21 [notice] 1#1: start worker process 43
2023/09/27 18:27:21 [notice] 1#1: start worker process 44
2023/09/27 18:35:12 [notice] 1#1: signal 3 (SIGQUIT) received, shutting down
2023/09/27 18:35:12 [notice] 29#29: gracefully shutting down
2023/09/27 18:35:12 [notice] 36#36: gracefully shutting down
2023/09/27 18:35:12 [notice] 37#37: gracefully shutting down
2023/09/27 18:35:12 [notice] 33#33: gracefully shutting down
2023/09/27 18:35:12 [notice] 34#34: gracefully shutting down
2023/09/27 18:35:12 [notice] 36#36: exiting
2023/09/27 18:35:12 [notice] 38#38: gracefully shutting down
2023/09/27 18:35:12 [notice] 33#33: exiting
2023/09/27 18:35:12 [notice] 34#34: exiting
2023/09/27 18:35:12 [notice] 37#37: exiting
2023/09/27 18:35:12 [notice] 38#38: exiting
2023/09/27 18:35:12 [notice] 36#36: exit
2023/09/27 18:35:12 [notice] 33#33: exit
2023/09/27 18:35:12 [notice] 37#37: exit
2023/09/27 18:35:12 [notice] 34#34: exit
2023/09/27 18:35:12 [notice] 42#42: gracefully shutting down
2023/09/27 18:35:12 [notice] 31#31: gracefully shutting down
2023/09/27 18:35:12 [notice] 42#42: exiting
2023/09/27 18:35:12 [notice] 42#42: exit
2023/09/27 18:35:12 [notice] 38#38: exit
2023/09/27 18:35:12 [notice] 39#39: gracefully shutting down
2023/09/27 18:35:12 [notice] 44#44: gracefully shutting down
2023/09/27 18:35:12 [notice] 44#44: exiting
2023/09/27 18:35:12 [notice] 44#44: exit
2023/09/27 18:35:12 [notice] 29#29: exiting
2023/09/27 18:35:12 [notice] 29#29: exit
2023/09/27 18:35:12 [notice] 40#40: gracefully shutting down
2023/09/27 18:35:12 [notice] 35#35: gracefully shutting down
2023/09/27 18:35:12 [notice] 31#31: exiting
2023/09/27 18:35:12 [notice] 39#39: exiting
2023/09/27 18:35:12 [notice] 40#40: exiting
2023/09/27 18:35:12 [notice] 31#31: exit
2023/09/27 18:35:12 [notice] 39#39: exit
2023/09/27 18:35:12 [notice] 40#40: exit
2023/09/27 18:35:12 [notice] 35#35: exiting
2023/09/27 18:35:12 [notice] 35#35: exit
2023/09/27 18:35:12 [notice] 43#43: gracefully shutting down
2023/09/27 18:35:12 [notice] 43#43: exiting
2023/09/27 18:35:12 [notice] 43#43: exit
2023/09/27 18:35:12 [notice] 41#41: gracefully shutting down
2023/09/27 18:35:12 [notice] 41#41: exiting
2023/09/27 18:35:12 [notice] 41#41: exit
2023/09/27 18:35:12 [notice] 30#30: gracefully shutting down
2023/09/27 18:35:12 [notice] 30#30: exiting
2023/09/27 18:35:12 [notice] 30#30: exit
2023/09/27 18:35:12 [notice] 32#32: gracefully shutting down
2023/09/27 18:35:12 [notice] 32#32: exiting
2023/09/27 18:35:12 [notice] 32#32: exit
2023/09/27 18:35:12 [notice] 1#1: signal 17 (SIGCHLD) received from 31
2023/09/27 18:35:12 [notice] 1#1: worker process 31 exited with code 0
2023/09/27 18:35:12 [notice] 1#1: worker process 36 exited with code 0
2023/09/27 18:35:12 [notice] 1#1: worker process 37 exited with code 0
2023/09/27 18:35:12 [notice] 1#1: worker process 39 exited with code 0
2023/09/27 18:35:12 [notice] 1#1: worker process 40 exited with code 0
2023/09/27 18:35:12 [notice] 1#1: worker process 41 exited with code 0
2023/09/27 18:35:12 [notice] 1#1: worker process 43 exited with code 0
2023/09/27 18:35:12 [notice] 1#1: worker process 44 exited with code 0
2023/09/27 18:35:12 [notice] 1#1: signal 29 (SIGIO) received
2023/09/27 18:35:12 [notice] 1#1: signal 17 (SIGCHLD) received from 39
2023/09/27 18:35:12 [notice] 1#1: signal 17 (SIGCHLD) received from 33
2023/09/27 18:35:12 [notice] 1#1: worker process 29 exited with code 0
2023/09/27 18:35:12 [notice] 1#1: worker process 33 exited with code 0
2023/09/27 18:35:12 [notice] 1#1: signal 29 (SIGIO) received
2023/09/27 18:35:12 [notice] 1#1: signal 17 (SIGCHLD) received from 29
2023/09/27 18:35:12 [notice] 1#1: signal 17 (SIGCHLD) received from 42
2023/09/27 18:35:12 [notice] 1#1: worker process 34 exited with code 0
2023/09/27 18:35:12 [notice] 1#1: worker process 38 exited with code 0
2023/09/27 18:35:12 [notice] 1#1: worker process 42 exited with code 0
2023/09/27 18:35:12 [notice] 1#1: worker process 35 exited with code 0
2023/09/27 18:35:12 [notice] 1#1: signal 29 (SIGIO) received
2023/09/27 18:35:12 [notice] 1#1: signal 17 (SIGCHLD) received from 34
2023/09/27 18:35:12 [notice] 1#1: signal 17 (SIGCHLD) received from 32
2023/09/27 18:35:12 [notice] 1#1: worker process 32 exited with code 0
2023/09/27 18:35:12 [notice] 1#1: signal 29 (SIGIO) received
2023/09/27 18:35:12 [notice] 1#1: signal 17 (SIGCHLD) received from 30
2023/09/27 18:35:12 [notice] 1#1: worker process 30 exited with code 0
2023/09/27 18:35:12 [notice] 1#1: exit
2023/09/27 18:36:09 [notice] 1#1: using the "epoll" event method
2023/09/27 18:36:09 [notice] 1#1: nginx/1.25.2
2023/09/27 18:36:09 [notice] 1#1: built by gcc 12.2.1 20220924 (Alpine 12.2.1_git20220924-r10) 
2023/09/27 18:36:09 [notice] 1#1: OS: Linux 5.15.90.1-microsoft-standard-WSL2
2023/09/27 18:36:09 [notice] 1#1: getrlimit(RLIMIT_NOFILE): 1048576:1048576
2023/09/27 18:36:09 [notice] 1#1: start worker processes
2023/09/27 18:36:09 [notice] 1#1: start worker process 29
2023/09/27 18:36:09 [notice] 1#1: start worker process 30
2023/09/27 18:36:09 [notice] 1#1: start worker process 31
2023/09/27 18:36:09 [notice] 1#1: start worker process 32
2023/09/27 18:36:09 [notice] 1#1: start worker process 33
2023/09/27 18:36:09 [notice] 1#1: start worker process 34
2023/09/27 18:36:09 [notice] 1#1: start worker process 35
2023/09/27 18:36:09 [notice] 1#1: start worker process 36
2023/09/27 18:36:09 [notice] 1#1: start worker process 37
2023/09/27 18:36:09 [notice] 1#1: start worker process 38
2023/09/27 18:36:09 [notice] 1#1: start worker process 39
2023/09/27 18:36:09 [notice] 1#1: start worker process 40
2023/09/27 18:36:09 [notice] 1#1: start worker process 41
2023/09/27 18:36:09 [notice] 1#1: start worker process 42
2023/09/27 18:36:09 [notice] 1#1: start worker process 43
2023/09/27 18:36:09 [notice] 1#1: start worker process 44
2023/09/27 18:36:31 [notice] 1#1: signal 3 (SIGQUIT) received, shutting down
2023/09/27 18:36:31 [notice] 29#29: gracefully shutting down
2023/09/27 18:36:31 [notice] 31#31: gracefully shutting down
2023/09/27 18:36:31 [notice] 32#32: gracefully shutting down
2023/09/27 18:36:31 [notice] 35#35: gracefully shutting down
2023/09/27 18:36:31 [notice] 30#30: gracefully shutting down
2023/09/27 18:36:31 [notice] 31#31: exiting
2023/09/27 18:36:31 [notice] 33#33: gracefully shutting down
2023/09/27 18:36:31 [notice] 34#34: gracefully shutting down
2023/09/27 18:36:31 [notice] 35#35: exiting
2023/09/27 18:36:31 [notice] 30#30: exiting
2023/09/27 18:36:31 [notice] 32#32: exiting
2023/09/27 18:36:31 [notice] 36#36: gracefully shutting down
2023/09/27 18:36:31 [notice] 34#34: exiting
2023/09/27 18:36:31 [notice] 29#29: exiting
2023/09/27 18:36:31 [notice] 33#33: exiting
2023/09/27 18:36:31 [notice] 30#30: exit
2023/09/27 18:36:31 [notice] 31#31: exit
2023/09/27 18:36:31 [notice] 36#36: exiting
2023/09/27 18:36:31 [notice] 32#32: exit
2023/09/27 18:36:31 [notice] 35#35: exit
2023/09/27 18:36:31 [notice] 34#34: exit
2023/09/27 18:36:31 [notice] 29#29: exit
2023/09/27 18:36:31 [notice] 33#33: exit
2023/09/27 18:36:31 [notice] 36#36: exit
2023/09/27 18:36:31 [notice] 39#39: gracefully shutting down
2023/09/27 18:36:31 [notice] 42#42: gracefully shutting down
2023/09/27 18:36:31 [notice] 42#42: exiting
2023/09/27 18:36:31 [notice] 38#38: gracefully shutting down
2023/09/27 18:36:31 [notice] 40#40: gracefully shutting down
2023/09/27 18:36:31 [notice] 42#42: exit
2023/09/27 18:36:31 [notice] 39#39: exiting
2023/09/27 18:36:31 [notice] 39#39: exit
2023/09/27 18:36:31 [notice] 38#38: exiting
2023/09/27 18:36:31 [notice] 38#38: exit
2023/09/27 18:36:31 [notice] 40#40: exiting
2023/09/27 18:36:31 [notice] 41#41: gracefully shutting down
2023/09/27 18:36:31 [notice] 40#40: exit
2023/09/27 18:36:31 [notice] 41#41: exiting
2023/09/27 18:36:31 [notice] 41#41: exit
2023/09/27 18:36:31 [notice] 37#37: gracefully shutting down
2023/09/27 18:36:31 [notice] 37#37: exiting
2023/09/27 18:36:31 [notice] 37#37: exit
2023/09/27 18:36:31 [notice] 43#43: gracefully shutting down
2023/09/27 18:36:31 [notice] 43#43: exiting
2023/09/27 18:36:31 [notice] 44#44: gracefully shutting down
2023/09/27 18:36:31 [notice] 44#44: exiting
2023/09/27 18:36:31 [notice] 43#43: exit
2023/09/27 18:36:31 [notice] 44#44: exit
2023/09/27 18:36:31 [notice] 1#1: signal 17 (SIGCHLD) received from 42
2023/09/27 18:36:31 [notice] 1#1: worker process 29 exited with code 0
2023/09/27 18:36:31 [notice] 1#1: worker process 31 exited with code 0
2023/09/27 18:36:31 [notice] 1#1: worker process 32 exited with code 0
2023/09/27 18:36:31 [notice] 1#1: worker process 37 exited with code 0
2023/09/27 18:36:31 [notice] 1#1: worker process 39 exited with code 0
2023/09/27 18:36:31 [notice] 1#1: worker process 41 exited with code 0
2023/09/27 18:36:31 [notice] 1#1: worker process 42 exited with code 0
2023/09/27 18:36:31 [notice] 1#1: signal 29 (SIGIO) received
2023/09/27 18:36:31 [notice] 1#1: signal 17 (SIGCHLD) received from 44
2023/09/27 18:36:31 [notice] 1#1: worker process 34 exited with code 0
2023/09/27 18:36:31 [notice] 1#1: worker process 35 exited with code 0
2023/09/27 18:36:31 [notice] 1#1: worker process 36 exited with code 0
2023/09/27 18:36:31 [notice] 1#1: worker process 40 exited with code 0
2023/09/27 18:36:31 [notice] 1#1: worker process 44 exited with code 0
2023/09/27 18:36:31 [notice] 1#1: signal 29 (SIGIO) received
2023/09/27 18:36:31 [notice] 1#1: signal 17 (SIGCHLD) received from 38
2023/09/27 18:36:31 [notice] 1#1: worker process 38 exited with code 0
2023/09/27 18:36:31 [notice] 1#1: worker process 43 exited with code 0
2023/09/27 18:36:31 [notice] 1#1: signal 29 (SIGIO) received
2023/09/27 18:36:31 [notice] 1#1: signal 17 (SIGCHLD) received from 33
2023/09/27 18:36:31 [notice] 1#1: worker process 33 exited with code 0
2023/09/27 18:36:31 [notice] 1#1: signal 29 (SIGIO) received
2023/09/27 18:36:31 [notice] 1#1: signal 17 (SIGCHLD) received from 30
2023/09/27 18:36:31 [notice] 1#1: worker process 30 exited with code 0
2023/09/27 18:36:31 [notice] 1#1: exit
2023/09/27 18:37:04 [notice] 1#1: using the "epoll" event method
2023/09/27 18:37:04 [notice] 1#1: nginx/1.25.2
2023/09/27 18:37:04 [notice] 1#1: built by gcc 12.2.1 20220924 (Alpine 12.2.1_git20220924-r10) 
2023/09/27 18:37:04 [notice] 1#1: OS: Linux 5.15.90.1-microsoft-standard-WSL2
2023/09/27 18:37:04 [notice] 1#1: getrlimit(RLIMIT_NOFILE): 1048576:1048576
2023/09/27 18:37:04 [notice] 1#1: start worker processes
2023/09/27 18:37:04 [notice] 1#1: start worker process 29
2023/09/27 18:37:04 [notice] 1#1: start worker process 30
2023/09/27 18:37:04 [notice] 1#1: start worker process 31
2023/09/27 18:37:04 [notice] 1#1: start worker process 32
2023/09/27 18:37:04 [notice] 1#1: start worker process 33
2023/09/27 18:37:04 [notice] 1#1: start worker process 34
2023/09/27 18:37:04 [notice] 1#1: start worker process 35
2023/09/27 18:37:04 [notice] 1#1: start worker process 36
2023/09/27 18:37:04 [notice] 1#1: start worker process 37
2023/09/27 18:37:04 [notice] 1#1: start worker process 38
2023/09/27 18:37:04 [notice] 1#1: start worker process 39
2023/09/27 18:37:04 [notice] 1#1: start worker process 40
2023/09/27 18:37:04 [notice] 1#1: start worker process 41
2023/09/27 18:37:04 [notice] 1#1: start worker process 42
2023/09/27 18:37:04 [notice] 1#1: start worker process 43
2023/09/27 18:37:04 [notice] 1#1: start worker process 44
2023/09/27 18:41:52 [error] 30#30: *4 connect() failed (111: Connection refused) while connecting to upstream, client: 172.22.0.4, server: , request: "GET /api/ HTTP/1.0", upstream: "http://172.22.0.3:5000/api/", host: "nginx:81"
2023/09/27 18:41:53 [error] 29#29: *8 connect() failed (111: Connection refused) while connecting to upstream, client: 172.22.0.4, server: , request: "GET /api/ HTTP/1.0", upstream: "http://172.22.0.3:5000/api/", host: "nginx:81"
2023/09/27 18:44:35 [error] 31#31: *13 connect() failed (111: Connection refused) while connecting to upstream, client: 172.22.0.4, server: , request: "GET /api/ HTTP/1.0", upstream: "http://172.22.0.3:5000/api/", host: "nginx:81"
2023/09/27 18:58:05 [notice] 1#1: signal 3 (SIGQUIT) received, shutting down
2023/09/27 18:58:05 [notice] 32#32: gracefully shutting down
2023/09/27 18:58:05 [notice] 31#31: gracefully shutting down
2023/09/27 18:58:05 [notice] 38#38: gracefully shutting down
2023/09/27 18:58:05 [notice] 40#40: gracefully shutting down
2023/09/27 18:58:05 [notice] 42#42: gracefully shutting down
2023/09/27 18:58:05 [notice] 30#30: gracefully shutting down
2023/09/27 18:58:05 [notice] 33#33: gracefully shutting down
2023/09/27 18:58:05 [notice] 35#35: gracefully shutting down
2023/09/27 18:58:05 [notice] 43#43: gracefully shutting down
2023/09/27 18:58:05 [notice] 36#36: gracefully shutting down
2023/09/27 18:58:05 [notice] 34#34: gracefully shutting down
2023/09/27 18:58:05 [notice] 29#29: gracefully shutting down
2023/09/27 18:58:05 [notice] 41#41: gracefully shutting down
2023/09/27 18:58:05 [notice] 31#31: exiting
2023/09/27 18:58:05 [notice] 29#29: exiting
2023/09/27 18:58:05 [notice] 36#36: exiting
2023/09/27 18:58:05 [notice] 31#31: exit
2023/09/27 18:58:05 [notice] 29#29: exit
2023/09/27 18:58:05 [notice] 41#41: exiting
2023/09/27 18:58:05 [notice] 36#36: exit
2023/09/27 18:58:05 [notice] 42#42: exiting
2023/09/27 18:58:05 [notice] 41#41: exit
2023/09/27 18:58:05 [notice] 42#42: exit
2023/09/27 18:58:05 [notice] 44#44: gracefully shutting down
2023/09/27 18:58:05 [notice] 44#44: exiting
2023/09/27 18:58:05 [notice] 44#44: exit
2023/09/27 18:58:05 [notice] 30#30: exiting
2023/09/27 18:58:05 [notice] 39#39: gracefully shutting down
2023/09/27 18:58:05 [notice] 30#30: exit
2023/09/27 18:58:05 [notice] 43#43: exiting
2023/09/27 18:58:05 [notice] 43#43: exit
2023/09/27 18:58:05 [notice] 34#34: exiting
2023/09/27 18:58:05 [notice] 38#38: exiting
2023/09/27 18:58:05 [notice] 34#34: exit
2023/09/27 18:58:05 [notice] 38#38: exit
2023/09/27 18:58:05 [notice] 40#40: exiting
2023/09/27 18:58:05 [notice] 35#35: exiting
2023/09/27 18:58:05 [notice] 33#33: exiting
2023/09/27 18:58:05 [notice] 40#40: exit
2023/09/27 18:58:05 [notice] 35#35: exit
2023/09/27 18:58:05 [notice] 33#33: exit
2023/09/27 18:58:05 [notice] 32#32: exiting
2023/09/27 18:58:05 [notice] 32#32: exit
2023/09/27 18:58:05 [notice] 39#39: exiting
2023/09/27 18:58:05 [notice] 39#39: exit
2023/09/27 18:58:05 [notice] 37#37: gracefully shutting down
2023/09/27 18:58:05 [notice] 37#37: exiting
2023/09/27 18:58:05 [notice] 37#37: exit
2023/09/27 18:58:05 [notice] 1#1: signal 17 (SIGCHLD) received from 30
2023/09/27 18:58:05 [notice] 1#1: worker process 29 exited with code 0
2023/09/27 18:58:05 [notice] 1#1: worker process 30 exited with code 0
2023/09/27 18:58:05 [notice] 1#1: worker process 31 exited with code 0
2023/09/27 18:58:05 [notice] 1#1: worker process 33 exited with code 0
2023/09/27 18:58:05 [notice] 1#1: worker process 34 exited with code 0
2023/09/27 18:58:05 [notice] 1#1: worker process 35 exited with code 0
2023/09/27 18:58:05 [notice] 1#1: worker process 36 exited with code 0
2023/09/27 18:58:05 [notice] 1#1: worker process 37 exited with code 0
2023/09/27 18:58:05 [notice] 1#1: worker process 40 exited with code 0
2023/09/27 18:58:05 [notice] 1#1: worker process 41 exited with code 0
2023/09/27 18:58:05 [notice] 1#1: worker process 42 exited with code 0
2023/09/27 18:58:05 [notice] 1#1: worker process 43 exited with code 0
2023/09/27 18:58:05 [notice] 1#1: worker process 44 exited with code 0
2023/09/27 18:58:05 [notice] 1#1: signal 29 (SIGIO) received
2023/09/27 18:58:05 [notice] 1#1: signal 17 (SIGCHLD) received from 42
2023/09/27 18:58:05 [notice] 1#1: signal 17 (SIGCHLD) received from 32
2023/09/27 18:58:05 [notice] 1#1: worker process 32 exited with code 0
2023/09/27 18:58:05 [notice] 1#1: worker process 38 exited with code 0
2023/09/27 18:58:05 [notice] 1#1: signal 29 (SIGIO) received
2023/09/27 18:58:05 [notice] 1#1: signal 17 (SIGCHLD) received from 39
2023/09/27 18:58:05 [notice] 1#1: worker process 39 exited with code 0
2023/09/27 18:58:05 [notice] 1#1: exit
2023/09/27 18:59:06 [notice] 1#1: using the "epoll" event method
2023/09/27 18:59:06 [notice] 1#1: nginx/1.25.2
2023/09/27 18:59:06 [notice] 1#1: built by gcc 12.2.1 20220924 (Alpine 12.2.1_git20220924-r10) 
2023/09/27 18:59:06 [notice] 1#1: OS: Linux 5.15.90.1-microsoft-standard-WSL2
2023/09/27 18:59:06 [notice] 1#1: getrlimit(RLIMIT_NOFILE): 1048576:1048576
2023/09/27 18:59:06 [notice] 1#1: start worker processes
2023/09/27 18:59:06 [notice] 1#1: start worker process 29
2023/09/27 18:59:06 [notice] 1#1: start worker process 30
2023/09/27 18:59:06 [notice] 1#1: start worker process 31
2023/09/27 18:59:06 [notice] 1#1: start worker process 32
2023/09/27 18:59:06 [notice] 1#1: start worker process 33
2023/09/27 18:59:06 [notice] 1#1: start worker process 34
2023/09/27 18:59:06 [notice] 1#1: start worker process 35
2023/09/27 18:59:06 [notice] 1#1: start worker process 36
2023/09/27 18:59:06 [notice] 1#1: start worker process 37
2023/09/27 18:59:06 [notice] 1#1: start worker process 38
2023/09/27 18:59:06 [notice] 1#1: start worker process 39
2023/09/27 18:59:06 [notice] 1#1: start worker process 40
2023/09/27 18:59:06 [notice] 1#1: start worker process 41
2023/09/27 18:59:06 [notice] 1#1: start worker process 42
2023/09/27 18:59:06 [notice] 1#1: start worker process 43
2023/09/27 18:59:06 [notice] 1#1: start worker process 44
2023/09/27 19:02:08 [error] 31#31: *9 connect() failed (111: Connection refused) while connecting to upstream, client: 172.23.0.3, server: , request: "GET /api/ HTTP/1.0", upstream: "http://172.23.0.4:5000/api/", host: "nginx:81"
2023/09/28 17:29:56 [notice] 1#1: signal 3 (SIGQUIT) received, shutting down
2023/09/28 17:29:56 [notice] 30#30: gracefully shutting down
2023/09/28 17:29:56 [notice] 29#29: gracefully shutting down
2023/09/28 17:29:56 [notice] 31#31: gracefully shutting down
2023/09/28 17:29:56 [notice] 36#36: gracefully shutting down
2023/09/28 17:29:56 [notice] 34#34: gracefully shutting down
2023/09/28 17:29:56 [notice] 37#37: gracefully shutting down
2023/09/28 17:29:56 [notice] 42#42: gracefully shutting down
2023/09/28 17:29:56 [notice] 38#38: gracefully shutting down
2023/09/28 17:29:56 [notice] 35#35: gracefully shutting down
2023/09/28 17:29:56 [notice] 43#43: gracefully shutting down
2023/09/28 17:29:56 [notice] 44#44: gracefully shutting down
2023/09/28 17:29:56 [notice] 33#33: gracefully shutting down
2023/09/28 17:29:56 [notice] 37#37: exiting
2023/09/28 17:29:56 [notice] 41#41: gracefully shutting down
2023/09/28 17:29:56 [notice] 39#39: gracefully shutting down
2023/09/28 17:29:56 [notice] 40#40: gracefully shutting down
2023/09/28 17:29:56 [notice] 32#32: gracefully shutting down
2023/09/28 17:29:56 [notice] 30#30: exiting
2023/09/28 17:29:56 [notice] 34#34: exiting
2023/09/28 17:29:56 [notice] 30#30: exit
2023/09/28 17:29:56 [notice] 37#37: exit
2023/09/28 17:29:56 [notice] 39#39: exiting
2023/09/28 17:29:56 [notice] 29#29: exiting
2023/09/28 17:29:56 [notice] 34#34: exit
2023/09/28 17:29:56 [notice] 39#39: exit
2023/09/28 17:29:56 [notice] 31#31: exiting
2023/09/28 17:29:56 [notice] 29#29: exit
2023/09/28 17:29:56 [notice] 31#31: exit
2023/09/28 17:29:56 [notice] 35#35: exiting
2023/09/28 17:29:56 [notice] 35#35: exit
2023/09/28 17:29:56 [notice] 32#32: exiting
2023/09/28 17:29:56 [notice] 38#38: exiting
2023/09/28 17:29:56 [notice] 32#32: exit
2023/09/28 17:29:56 [notice] 36#36: exiting
2023/09/28 17:29:56 [notice] 38#38: exit
2023/09/28 17:29:56 [notice] 36#36: exit
2023/09/28 17:29:56 [notice] 40#40: exiting
2023/09/28 17:29:56 [notice] 40#40: exit
2023/09/28 17:29:56 [notice] 42#42: exiting
2023/09/28 17:29:56 [notice] 42#42: exit
2023/09/28 17:29:56 [notice] 43#43: exiting
2023/09/28 17:29:56 [notice] 44#44: exiting
2023/09/28 17:29:56 [notice] 43#43: exit
2023/09/28 17:29:56 [notice] 44#44: exit
2023/09/28 17:29:56 [notice] 41#41: exiting
2023/09/28 17:29:56 [notice] 41#41: exit
2023/09/28 17:29:56 [notice] 1#1: signal 17 (SIGCHLD) received from 41
2023/09/28 17:29:56 [notice] 1#1: worker process 30 exited with code 0
2023/09/28 17:29:56 [notice] 1#1: worker process 35 exited with code 0
2023/09/28 17:29:56 [notice] 1#1: worker process 38 exited with code 0
2023/09/28 17:29:56 [notice] 1#1: worker process 39 exited with code 0
2023/09/28 17:29:56 [notice] 1#1: worker process 40 exited with code 0
2023/09/28 17:29:56 [notice] 1#1: worker process 41 exited with code 0
2023/09/28 17:29:56 [notice] 1#1: worker process 42 exited with code 0
2023/09/28 17:29:56 [notice] 1#1: worker process 43 exited with code 0
2023/09/28 17:29:56 [notice] 1#1: signal 29 (SIGIO) received
2023/09/28 17:29:56 [notice] 1#1: signal 17 (SIGCHLD) received from 43
2023/09/28 17:29:56 [notice] 1#1: signal 17 (SIGCHLD) received from 31
2023/09/28 17:29:56 [notice] 1#1: worker process 31 exited with code 0
2023/09/28 17:29:56 [notice] 1#1: worker process 29 exited with code 0
2023/09/28 17:29:56 [notice] 1#1: signal 29 (SIGIO) received
2023/09/28 17:29:56 [notice] 1#1: signal 17 (SIGCHLD) received from 29
2023/09/28 17:29:56 [notice] 1#1: signal 17 (SIGCHLD) received from 34
2023/09/28 17:29:56 [notice] 1#1: worker process 34 exited with code 0
2023/09/28 17:29:56 [notice] 1#1: signal 29 (SIGIO) received
2023/09/28 17:29:56 [notice] 1#1: signal 17 (SIGCHLD) received from 44
2023/09/28 17:29:56 [notice] 1#1: worker process 37 exited with code 0
2023/09/28 17:29:56 [notice] 1#1: worker process 44 exited with code 0
2023/09/28 17:29:56 [notice] 1#1: signal 29 (SIGIO) received
2023/09/28 17:29:56 [notice] 1#1: signal 17 (SIGCHLD) received from 36
2023/09/28 17:29:56 [notice] 1#1: worker process 32 exited with code 0
2023/09/28 17:29:56 [notice] 1#1: worker process 36 exited with code 0
2023/09/28 17:29:56 [notice] 1#1: signal 29 (SIGIO) received
2023/09/28 17:29:56 [notice] 1#1: signal 17 (SIGCHLD) received from 32
2023/09/28 17:30:50 [notice] 1#1: using the "epoll" event method
2023/09/28 17:30:50 [notice] 1#1: nginx/1.25.2
2023/09/28 17:30:50 [notice] 1#1: built by gcc 12.2.1 20220924 (Alpine 12.2.1_git20220924-r10) 
2023/09/28 17:30:50 [notice] 1#1: OS: Linux 5.15.90.1-microsoft-standard-WSL2
2023/09/28 17:30:50 [notice] 1#1: getrlimit(RLIMIT_NOFILE): 1048576:1048576
2023/09/28 17:30:50 [notice] 1#1: start worker processes
2023/09/28 17:30:50 [notice] 1#1: start worker process 29
2023/09/28 17:30:50 [notice] 1#1: start worker process 30
2023/09/28 17:30:50 [notice] 1#1: start worker process 31
2023/09/28 17:30:50 [notice] 1#1: start worker process 32
2023/09/28 17:30:50 [notice] 1#1: start worker process 33
2023/09/28 17:30:50 [notice] 1#1: start worker process 34
2023/09/28 17:30:50 [notice] 1#1: start worker process 35
2023/09/28 17:30:50 [notice] 1#1: start worker process 36
2023/09/28 17:30:50 [notice] 1#1: start worker process 37
2023/09/28 17:30:50 [notice] 1#1: start worker process 38
2023/09/28 17:30:50 [notice] 1#1: start worker process 39
2023/09/28 17:30:50 [notice] 1#1: start worker process 40
2023/09/28 17:30:50 [notice] 1#1: start worker process 41
2023/09/28 17:30:50 [notice] 1#1: start worker process 42
2023/09/28 17:30:50 [notice] 1#1: start worker process 43
2023/09/28 17:30:50 [notice] 1#1: start worker process 44
2023/09/28 19:53:19 [notice] 1#1: signal 3 (SIGQUIT) received, shutting down
2023/09/28 19:53:19 [notice] 34#34: gracefully shutting down
2023/09/28 19:53:19 [notice] 29#29: gracefully shutting down
2023/09/28 19:53:19 [notice] 35#35: gracefully shutting down
2023/09/28 19:53:19 [notice] 33#33: gracefully shutting down
2023/09/28 19:53:19 [notice] 30#30: gracefully shutting down
2023/09/28 19:53:19 [notice] 38#38: gracefully shutting down
2023/09/28 19:53:19 [notice] 39#39: gracefully shutting down
2023/09/28 19:53:19 [notice] 37#37: gracefully shutting down
2023/09/28 19:53:19 [notice] 41#41: gracefully shutting down
2023/09/28 19:53:19 [notice] 31#31: gracefully shutting down
2023/09/28 19:53:19 [notice] 36#36: gracefully shutting down
2023/09/28 19:53:19 [notice] 32#32: gracefully shutting down
2023/09/28 19:53:19 [notice] 43#43: gracefully shutting down
2023/09/28 19:53:19 [notice] 42#42: gracefully shutting down
2023/09/28 19:53:19 [notice] 40#40: gracefully shutting down
2023/09/28 19:53:19 [notice] 33#33: exiting
2023/09/28 19:53:19 [notice] 44#44: gracefully shutting down
2023/09/28 19:53:19 [notice] 38#38: exiting
2023/09/28 19:53:19 [notice] 31#31: exiting
2023/09/28 19:53:19 [notice] 36#36: exiting
2023/09/28 19:53:19 [notice] 37#37: exiting
2023/09/28 19:53:19 [notice] 34#34: exiting
2023/09/28 19:53:19 [notice] 30#30: exiting
2023/09/28 19:53:19 [notice] 40#40: exiting
2023/09/28 19:53:19 [notice] 34#34: exit
2023/09/28 19:53:19 [notice] 32#32: exiting
2023/09/28 19:53:19 [notice] 30#30: exit
2023/09/28 19:53:19 [notice] 37#37: exit
2023/09/28 19:53:19 [notice] 31#31: exit
2023/09/28 19:53:19 [notice] 36#36: exit
2023/09/28 19:53:19 [notice] 43#43: exiting
2023/09/28 19:53:19 [notice] 42#42: exiting
2023/09/28 19:53:19 [notice] 32#32: exit
2023/09/28 19:53:19 [notice] 40#40: exit
2023/09/28 19:53:19 [notice] 44#44: exiting
2023/09/28 19:53:19 [notice] 42#42: exit
2023/09/28 19:53:19 [notice] 43#43: exit
2023/09/28 19:53:19 [notice] 44#44: exit
2023/09/28 19:53:19 [notice] 29#29: exiting
2023/09/28 19:53:19 [notice] 39#39: exiting
2023/09/28 19:53:19 [notice] 29#29: exit
2023/09/28 19:53:19 [notice] 39#39: exit
2023/09/28 19:53:19 [notice] 41#41: exiting
2023/09/28 19:53:19 [notice] 41#41: exit
2023/09/28 19:53:19 [notice] 33#33: exit
2023/09/28 19:53:19 [notice] 38#38: exit
2023/09/28 19:53:19 [notice] 1#1: signal 17 (SIGCHLD) received from 36
2023/09/28 19:53:19 [notice] 1#1: worker process 36 exited with code 0
2023/09/28 19:53:19 [notice] 1#1: worker process 43 exited with code 0
2023/09/28 19:53:19 [notice] 1#1: signal 29 (SIGIO) received
2023/09/28 19:53:19 [notice] 1#1: signal 17 (SIGCHLD) received from 31
2023/09/28 19:53:19 [notice] 1#1: worker process 30 exited with code 0
2023/09/28 19:53:19 [notice] 1#1: worker process 29 exited with code 0
2023/09/28 19:53:19 [notice] 1#1: worker process 31 exited with code 0
2023/09/28 19:53:19 [notice] 1#1: worker process 32 exited with code 0
2023/09/28 19:53:19 [notice] 1#1: worker process 41 exited with code 0
2023/09/28 19:53:19 [notice] 1#1: worker process 44 exited with code 0
2023/09/28 19:53:19 [notice] 1#1: signal 29 (SIGIO) received
2023/09/28 19:53:19 [notice] 1#1: signal 17 (SIGCHLD) received from 41
2023/09/28 19:53:19 [notice] 1#1: signal 17 (SIGCHLD) received from 38
2023/09/28 19:53:19 [notice] 1#1: worker process 34 exited with code 0
2023/09/28 19:53:19 [notice] 1#1: worker process 38 exited with code 0
2023/09/28 19:53:19 [notice] 1#1: signal 29 (SIGIO) received
2023/09/28 19:53:19 [notice] 1#1: signal 17 (SIGCHLD) received from 42
2023/09/28 19:53:19 [notice] 1#1: worker process 33 exited with code 0
2023/09/28 19:53:19 [notice] 1#1: worker process 42 exited with code 0
2023/09/28 19:53:19 [notice] 1#1: signal 29 (SIGIO) received
2023/09/28 19:53:19 [notice] 1#1: signal 17 (SIGCHLD) received from 37
2023/09/28 19:53:19 [notice] 1#1: worker process 37 exited with code 0
2023/09/28 19:53:19 [notice] 1#1: worker process 39 exited with code 0
2023/09/28 19:53:19 [notice] 1#1: signal 29 (SIGIO) received
2023/09/28 19:53:19 [notice] 1#1: signal 17 (SIGCHLD) received from 40
2023/09/28 19:53:19 [notice] 1#1: worker process 40 exited with code 0
2023/09/28 19:53:19 [notice] 1#1: signal 29 (SIGIO) received
2023/09/28 19:53:45 [notice] 1#1: using the "epoll" event method
2023/09/28 19:53:45 [notice] 1#1: nginx/1.25.2
2023/09/28 19:53:45 [notice] 1#1: built by gcc 12.2.1 20220924 (Alpine 12.2.1_git20220924-r10) 
2023/09/28 19:53:45 [notice] 1#1: OS: Linux 5.15.90.1-microsoft-standard-WSL2
2023/09/28 19:53:45 [notice] 1#1: getrlimit(RLIMIT_NOFILE): 1048576:1048576
2023/09/28 19:53:45 [notice] 1#1: start worker processes
2023/09/28 19:53:45 [notice] 1#1: start worker process 29
2023/09/28 19:53:45 [notice] 1#1: start worker process 30
2023/09/28 19:53:45 [notice] 1#1: start worker process 31
2023/09/28 19:53:45 [notice] 1#1: start worker process 32
2023/09/28 19:53:45 [notice] 1#1: start worker process 33
2023/09/28 19:53:45 [notice] 1#1: start worker process 34
2023/09/28 19:53:45 [notice] 1#1: start worker process 35
2023/09/28 19:53:45 [notice] 1#1: start worker process 36
2023/09/28 19:53:45 [notice] 1#1: start worker process 37
2023/09/28 19:53:45 [notice] 1#1: start worker process 38
2023/09/28 19:53:45 [notice] 1#1: start worker process 39
2023/09/28 19:53:45 [notice] 1#1: start worker process 40
2023/09/28 19:53:45 [notice] 1#1: start worker process 41
2023/09/28 19:53:45 [notice] 1#1: start worker process 42
2023/09/28 19:53:45 [notice] 1#1: start worker process 43
2023/09/28 19:53:45 [notice] 1#1: start worker process 44
2023/09/28 20:05:02 [notice] 1#1: signal 3 (SIGQUIT) received, shutting down
2023/09/28 20:05:02 [notice] 29#29: gracefully shutting down
2023/09/28 20:05:02 [notice] 30#30: gracefully shutting down
2023/09/28 20:05:02 [notice] 32#32: gracefully shutting down
2023/09/28 20:05:02 [notice] 30#30: exiting
2023/09/28 20:05:02 [notice] 33#33: gracefully shutting down
2023/09/28 20:05:02 [notice] 37#37: gracefully shutting down
2023/09/28 20:05:02 [notice] 36#36: gracefully shutting down
2023/09/28 20:05:02 [notice] 35#35: gracefully shutting down
2023/09/28 20:05:02 [notice] 39#39: gracefully shutting down
2023/09/28 20:05:02 [notice] 30#30: exit
2023/09/28 20:05:02 [notice] 38#38: gracefully shutting down
2023/09/28 20:05:02 [notice] 40#40: gracefully shutting down
2023/09/28 20:05:02 [notice] 38#38: exiting
2023/09/28 20:05:02 [notice] 44#44: gracefully shutting down
2023/09/28 20:05:02 [notice] 40#40: exiting
2023/09/28 20:05:02 [notice] 29#29: exiting
2023/09/28 20:05:02 [notice] 38#38: exit
2023/09/28 20:05:02 [notice] 40#40: exit
2023/09/28 20:05:02 [notice] 44#44: exiting
2023/09/28 20:05:02 [notice] 43#43: gracefully shutting down
2023/09/28 20:05:02 [notice] 29#29: exit
2023/09/28 20:05:02 [notice] 44#44: exit
2023/09/28 20:05:02 [notice] 43#43: exiting
2023/09/28 20:05:02 [notice] 43#43: exit
2023/09/28 20:05:02 [notice] 41#41: gracefully shutting down
2023/09/28 20:05:02 [notice] 31#31: gracefully shutting down
2023/09/28 20:05:02 [notice] 37#37: exiting
2023/09/28 20:05:02 [notice] 34#34: gracefully shutting down
2023/09/28 20:05:02 [notice] 37#37: exit
2023/09/28 20:05:02 [notice] 35#35: exiting
2023/09/28 20:05:02 [notice] 42#42: gracefully shutting down
2023/09/28 20:05:02 [notice] 31#31: exiting
2023/09/28 20:05:02 [notice] 33#33: exiting
2023/09/28 20:05:02 [notice] 35#35: exit
2023/09/28 20:05:02 [notice] 31#31: exit
2023/09/28 20:05:02 [notice] 42#42: exiting
2023/09/28 20:05:02 [notice] 42#42: exit
2023/09/28 20:05:02 [notice] 36#36: exiting
2023/09/28 20:05:02 [notice] 33#33: exit
2023/09/28 20:05:02 [notice] 36#36: exit
2023/09/28 20:05:02 [notice] 41#41: exiting
2023/09/28 20:05:02 [notice] 41#41: exit
2023/09/28 20:05:02 [notice] 34#34: exiting
2023/09/28 20:05:02 [notice] 32#32: exiting
2023/09/28 20:05:02 [notice] 32#32: exit
2023/09/28 20:05:02 [notice] 34#34: exit
2023/09/28 20:05:02 [notice] 1#1: signal 17 (SIGCHLD) received from 42
2023/09/28 20:05:02 [notice] 1#1: worker process 31 exited with code 0
2023/09/28 20:05:02 [notice] 1#1: worker process 42 exited with code 0
2023/09/28 20:05:02 [notice] 1#1: worker process 44 exited with code 0
2023/09/28 20:05:02 [notice] 1#1: signal 29 (SIGIO) received
2023/09/28 20:05:02 [notice] 1#1: signal 17 (SIGCHLD) received from 43
2023/09/28 20:05:02 [notice] 1#1: worker process 33 exited with code 0
2023/09/28 20:05:02 [notice] 1#1: worker process 40 exited with code 0
2023/09/28 20:05:02 [notice] 1#1: worker process 43 exited with code 0
2023/09/28 20:05:02 [notice] 1#1: signal 29 (SIGIO) received
2023/09/28 20:05:02 [notice] 1#1: signal 17 (SIGCHLD) received from 41
2023/09/28 20:05:02 [notice] 1#1: worker process 30 exited with code 0
2023/09/28 20:05:02 [notice] 1#1: worker process 34 exited with code 0
2023/09/28 20:05:02 [notice] 1#1: worker process 35 exited with code 0
2023/09/28 20:05:02 [notice] 1#1: worker process 37 exited with code 0
2023/09/28 20:05:02 [notice] 1#1: worker process 41 exited with code 0
2023/09/28 20:05:02 [notice] 1#1: signal 29 (SIGIO) received
2023/09/28 20:05:02 [notice] 1#1: signal 17 (SIGCHLD) received from 32
2023/09/28 20:05:02 [notice] 1#1: worker process 32 exited with code 0
2023/09/28 20:05:02 [notice] 1#1: worker process 38 exited with code 0
2023/09/28 20:05:02 [notice] 1#1: signal 29 (SIGIO) received
2023/09/28 20:05:02 [notice] 1#1: signal 17 (SIGCHLD) received from 29
2023/09/28 20:05:02 [notice] 1#1: worker process 29 exited with code 0
2023/09/28 20:05:02 [notice] 1#1: signal 29 (SIGIO) received
2023/09/28 20:05:02 [notice] 1#1: signal 17 (SIGCHLD) received from 36
2023/09/28 20:05:02 [notice] 1#1: worker process 36 exited with code 0
2023/09/28 20:05:02 [notice] 1#1: signal 29 (SIGIO) received
2023/09/28 20:05:17 [notice] 1#1: using the "epoll" event method
2023/09/28 20:05:17 [notice] 1#1: nginx/1.25.2
2023/09/28 20:05:17 [notice] 1#1: built by gcc 12.2.1 20220924 (Alpine 12.2.1_git20220924-r10) 
2023/09/28 20:05:17 [notice] 1#1: OS: Linux 5.15.90.1-microsoft-standard-WSL2
2023/09/28 20:05:17 [notice] 1#1: getrlimit(RLIMIT_NOFILE): 1048576:1048576
2023/09/28 20:05:17 [notice] 1#1: start worker processes
2023/09/28 20:05:17 [notice] 1#1: start worker process 29
2023/09/28 20:05:17 [notice] 1#1: start worker process 30
2023/09/28 20:05:17 [notice] 1#1: start worker process 31
2023/09/28 20:05:17 [notice] 1#1: start worker process 32
2023/09/28 20:05:17 [notice] 1#1: start worker process 33
2023/09/28 20:05:17 [notice] 1#1: start worker process 34
2023/09/28 20:05:17 [notice] 1#1: start worker process 35
2023/09/28 20:05:17 [notice] 1#1: start worker process 36
2023/09/28 20:05:17 [notice] 1#1: start worker process 37
2023/09/28 20:05:17 [notice] 1#1: start worker process 38
2023/09/28 20:05:17 [notice] 1#1: start worker process 39
2023/09/28 20:05:17 [notice] 1#1: start worker process 40
2023/09/28 20:05:17 [notice] 1#1: start worker process 41
2023/09/28 20:05:17 [notice] 1#1: start worker process 42
2023/09/28 20:05:17 [notice] 1#1: start worker process 43
2023/09/28 20:05:17 [notice] 1#1: start worker process 44
2023/09/28 20:24:19 [notice] 1#1: signal 3 (SIGQUIT) received, shutting down
2023/09/28 20:24:19 [notice] 29#29: gracefully shutting down
2023/09/28 20:24:19 [notice] 33#33: gracefully shutting down
2023/09/28 20:24:19 [notice] 30#30: gracefully shutting down
2023/09/28 20:24:19 [notice] 35#35: gracefully shutting down
2023/09/28 20:24:19 [notice] 32#32: gracefully shutting down
2023/09/28 20:24:19 [notice] 33#33: exiting
2023/09/28 20:24:19 [notice] 29#29: exiting
2023/09/28 20:24:19 [notice] 30#30: exiting
2023/09/28 20:24:19 [notice] 32#32: exiting
2023/09/28 20:24:19 [notice] 36#36: gracefully shutting down
2023/09/28 20:24:19 [notice] 38#38: gracefully shutting down
2023/09/28 20:24:19 [notice] 40#40: gracefully shutting down
2023/09/28 20:24:19 [notice] 35#35: exiting
2023/09/28 20:24:19 [notice] 36#36: exiting
2023/09/28 20:24:19 [notice] 40#40: exiting
2023/09/28 20:24:19 [notice] 33#33: exit
2023/09/28 20:24:19 [notice] 29#29: exit
2023/09/28 20:24:19 [notice] 30#30: exit
2023/09/28 20:24:19 [notice] 32#32: exit
2023/09/28 20:24:19 [notice] 36#36: exit
2023/09/28 20:24:19 [notice] 40#40: exit
2023/09/28 20:24:19 [notice] 35#35: exit
2023/09/28 20:24:19 [notice] 38#38: exiting
2023/09/28 20:24:19 [notice] 41#41: gracefully shutting down
2023/09/28 20:24:19 [notice] 31#31: gracefully shutting down
2023/09/28 20:24:19 [notice] 38#38: exit
2023/09/28 20:24:19 [notice] 41#41: exiting
2023/09/28 20:24:19 [notice] 44#44: gracefully shutting down
2023/09/28 20:24:19 [notice] 39#39: gracefully shutting down
2023/09/28 20:24:19 [notice] 43#43: gracefully shutting down
2023/09/28 20:24:19 [notice] 44#44: exiting
2023/09/28 20:24:19 [notice] 43#43: exiting
2023/09/28 20:24:19 [notice] 41#41: exit
2023/09/28 20:24:19 [notice] 39#39: exiting
2023/09/28 20:24:19 [notice] 31#31: exiting
2023/09/28 20:24:19 [notice] 43#43: exit
2023/09/28 20:24:19 [notice] 34#34: gracefully shutting down
2023/09/28 20:24:19 [notice] 44#44: exit
2023/09/28 20:24:19 [notice] 42#42: gracefully shutting down
2023/09/28 20:24:19 [notice] 31#31: exit
2023/09/28 20:24:19 [notice] 42#42: exiting
2023/09/28 20:24:19 [notice] 39#39: exit
2023/09/28 20:24:19 [notice] 37#37: gracefully shutting down
2023/09/28 20:24:19 [notice] 42#42: exit
2023/09/28 20:24:19 [notice] 37#37: exiting
2023/09/28 20:24:19 [notice] 37#37: exit
2023/09/28 20:24:19 [notice] 1#1: signal 17 (SIGCHLD) received from 37
2023/09/28 20:24:19 [notice] 1#1: worker process 35 exited with code 0
2023/09/28 20:24:19 [notice] 1#1: worker process 37 exited with code 0
2023/09/28 20:24:19 [notice] 1#1: worker process 39 exited with code 0
2023/09/28 20:24:19 [notice] 1#1: signal 29 (SIGIO) received
2023/09/28 20:24:19 [notice] 1#1: signal 17 (SIGCHLD) received from 32
2023/09/28 20:24:19 [notice] 1#1: worker process 32 exited with code 0
2023/09/28 20:24:19 [notice] 1#1: signal 29 (SIGIO) received
2023/09/28 20:24:20 [notice] 1#1: signal 17 (SIGCHLD) received from 33
2023/09/28 20:24:20 [notice] 1#1: worker process 29 exited with code 0
2023/09/28 20:24:20 [notice] 1#1: worker process 30 exited with code 0
2023/09/28 20:24:20 [notice] 1#1: worker process 31 exited with code 0
2023/09/28 20:24:20 [notice] 1#1: worker process 33 exited with code 0
2023/09/28 20:24:20 [notice] 1#1: worker process 36 exited with code 0
2023/09/28 20:24:20 [notice] 1#1: worker process 38 exited with code 0
2023/09/28 20:24:20 [notice] 1#1: worker process 40 exited with code 0
2023/09/28 20:24:20 [notice] 1#1: worker process 41 exited with code 0
2023/09/28 20:24:20 [notice] 1#1: worker process 43 exited with code 0
2023/09/28 20:24:20 [notice] 1#1: worker process 44 exited with code 0
2023/09/28 20:24:20 [notice] 1#1: signal 29 (SIGIO) received
2023/09/28 20:24:20 [notice] 1#1: signal 17 (SIGCHLD) received from 38
2023/09/28 20:24:20 [notice] 1#1: signal 17 (SIGCHLD) received from 42
2023/09/28 20:24:20 [notice] 1#1: worker process 42 exited with code 0
2023/09/28 20:24:20 [notice] 1#1: signal 29 (SIGIO) received
2023/09/28 20:24:32 [notice] 1#1: using the "epoll" event method
2023/09/28 20:24:32 [notice] 1#1: nginx/1.25.2
2023/09/28 20:24:32 [notice] 1#1: built by gcc 12.2.1 20220924 (Alpine 12.2.1_git20220924-r10) 
2023/09/28 20:24:32 [notice] 1#1: OS: Linux 5.15.90.1-microsoft-standard-WSL2
2023/09/28 20:24:32 [notice] 1#1: getrlimit(RLIMIT_NOFILE): 1048576:1048576
2023/09/28 20:24:32 [notice] 1#1: start worker processes
2023/09/28 20:24:32 [notice] 1#1: start worker process 28
2023/09/28 20:24:32 [notice] 1#1: start worker process 29
2023/09/28 20:24:32 [notice] 1#1: start worker process 30
2023/09/28 20:24:32 [notice] 1#1: start worker process 31
2023/09/28 20:24:32 [notice] 1#1: start worker process 32
2023/09/28 20:24:32 [notice] 1#1: start worker process 33
2023/09/28 20:24:32 [notice] 1#1: start worker process 34
2023/09/28 20:24:32 [notice] 1#1: start worker process 35
2023/09/28 20:24:32 [notice] 1#1: start worker process 36
2023/09/28 20:24:32 [notice] 1#1: start worker process 37
2023/09/28 20:24:32 [notice] 1#1: start worker process 38
2023/09/28 20:24:32 [notice] 1#1: start worker process 39
2023/09/28 20:24:32 [notice] 1#1: start worker process 40
2023/09/28 20:24:32 [notice] 1#1: start worker process 41
2023/09/28 20:24:32 [notice] 1#1: start worker process 42
2023/09/28 20:24:32 [notice] 1#1: start worker process 43
2023/09/28 20:32:12 [notice] 1#1: signal 3 (SIGQUIT) received, shutting down
2023/09/28 20:32:12 [notice] 29#29: gracefully shutting down
2023/09/28 20:32:12 [notice] 28#28: gracefully shutting down
2023/09/28 20:32:12 [notice] 30#30: gracefully shutting down
2023/09/28 20:32:12 [notice] 31#31: gracefully shutting down
2023/09/28 20:32:12 [notice] 36#36: gracefully shutting down
2023/09/28 20:32:12 [notice] 30#30: exiting
2023/09/28 20:32:12 [notice] 31#31: exiting
2023/09/28 20:32:12 [notice] 32#32: gracefully shutting down
2023/09/28 20:32:12 [notice] 41#41: gracefully shutting down
2023/09/28 20:32:12 [notice] 39#39: gracefully shutting down
2023/09/28 20:32:12 [notice] 31#31: exit
2023/09/28 20:32:12 [notice] 30#30: exit
2023/09/28 20:32:12 [notice] 41#41: exiting
2023/09/28 20:32:12 [notice] 39#39: exiting
2023/09/28 20:32:12 [notice] 33#33: gracefully shutting down
2023/09/28 20:32:12 [notice] 40#40: gracefully shutting down
2023/09/28 20:32:12 [notice] 41#41: exit
2023/09/28 20:32:12 [notice] 39#39: exit
2023/09/28 20:32:12 [notice] 40#40: exiting
2023/09/28 20:32:12 [notice] 40#40: exit
2023/09/28 20:32:12 [notice] 32#32: exiting
2023/09/28 20:32:12 [notice] 33#33: exiting
2023/09/28 20:32:12 [notice] 32#32: exit
2023/09/28 20:32:12 [notice] 37#37: gracefully shutting down
2023/09/28 20:32:12 [notice] 37#37: exiting
2023/09/28 20:32:12 [notice] 43#43: gracefully shutting down
2023/09/28 20:32:12 [notice] 37#37: exit
2023/09/28 20:32:12 [notice] 43#43: exiting
2023/09/28 20:32:12 [notice] 43#43: exit
2023/09/28 20:32:12 [notice] 35#35: gracefully shutting down
2023/09/28 20:32:12 [notice] 38#38: gracefully shutting down
2023/09/28 20:32:12 [notice] 35#35: exiting
2023/09/28 20:32:12 [notice] 38#38: exiting
2023/09/28 20:32:12 [notice] 35#35: exit
2023/09/28 20:32:12 [notice] 34#34: gracefully shutting down
2023/09/28 20:32:12 [notice] 38#38: exit
2023/09/28 20:32:12 [notice] 34#34: exiting
2023/09/28 20:32:12 [notice] 34#34: exit
2023/09/28 20:32:12 [notice] 36#36: exiting
2023/09/28 20:32:12 [notice] 42#42: gracefully shutting down
2023/09/28 20:32:12 [notice] 36#36: exit
2023/09/28 20:32:12 [notice] 33#33: exit
2023/09/28 20:32:12 [notice] 42#42: exiting
2023/09/28 20:32:12 [notice] 42#42: exit
2023/09/28 20:32:12 [notice] 28#28: exiting
2023/09/28 20:32:12 [notice] 28#28: exit
2023/09/28 20:32:12 [notice] 1#1: signal 17 (SIGCHLD) received from 35
2023/09/28 20:32:12 [notice] 1#1: worker process 28 exited with code 0
2023/09/28 20:32:12 [notice] 1#1: worker process 30 exited with code 0
2023/09/28 20:32:12 [notice] 1#1: worker process 31 exited with code 0
2023/09/28 20:32:12 [notice] 1#1: worker process 32 exited with code 0
2023/09/28 20:32:12 [notice] 1#1: worker process 34 exited with code 0
2023/09/28 20:32:12 [notice] 1#1: worker process 33 exited with code 0
2023/09/28 20:32:12 [notice] 1#1: worker process 35 exited with code 0
2023/09/28 20:32:12 [notice] 1#1: worker process 36 exited with code 0
2023/09/28 20:32:12 [notice] 1#1: worker process 37 exited with code 0
2023/09/28 20:32:12 [notice] 1#1: worker process 39 exited with code 0
2023/09/28 20:32:12 [notice] 1#1: worker process 40 exited with code 0
2023/09/28 20:32:12 [notice] 1#1: worker process 41 exited with code 0
2023/09/28 20:32:12 [notice] 1#1: worker process 42 exited with code 0
2023/09/28 20:32:12 [notice] 1#1: worker process 43 exited with code 0
2023/09/28 20:32:12 [notice] 1#1: signal 29 (SIGIO) received
2023/09/28 20:32:12 [notice] 1#1: signal 17 (SIGCHLD) received from 39
2023/09/28 20:32:12 [notice] 1#1: signal 17 (SIGCHLD) received from 38
2023/09/28 20:32:12 [notice] 1#1: worker process 38 exited with code 0
2023/09/28 20:32:12 [notice] 1#1: signal 29 (SIGIO) received
2023/09/28 20:32:24 [notice] 1#1: using the "epoll" event method
2023/09/28 20:32:24 [notice] 1#1: nginx/1.25.2
2023/09/28 20:32:24 [notice] 1#1: built by gcc 12.2.1 20220924 (Alpine 12.2.1_git20220924-r10) 
2023/09/28 20:32:24 [notice] 1#1: OS: Linux 5.15.90.1-microsoft-standard-WSL2
2023/09/28 20:32:24 [notice] 1#1: getrlimit(RLIMIT_NOFILE): 1048576:1048576
2023/09/28 20:32:24 [notice] 1#1: start worker processes
2023/09/28 20:32:24 [notice] 1#1: start worker process 29
2023/09/28 20:32:24 [notice] 1#1: start worker process 30
2023/09/28 20:32:24 [notice] 1#1: start worker process 31
2023/09/28 20:32:24 [notice] 1#1: start worker process 32
2023/09/28 20:32:24 [notice] 1#1: start worker process 33
2023/09/28 20:32:24 [notice] 1#1: start worker process 34
2023/09/28 20:32:24 [notice] 1#1: start worker process 35
2023/09/28 20:32:24 [notice] 1#1: start worker process 36
2023/09/28 20:32:24 [notice] 1#1: start worker process 37
2023/09/28 20:32:24 [notice] 1#1: start worker process 38
2023/09/28 20:32:24 [notice] 1#1: start worker process 39
2023/09/28 20:32:24 [notice] 1#1: start worker process 40
2023/09/28 20:32:24 [notice] 1#1: start worker process 41
2023/09/28 20:32:24 [notice] 1#1: start worker process 42
2023/09/28 20:32:24 [notice] 1#1: start worker process 43
2023/09/28 20:32:24 [notice] 1#1: start worker process 44
2023/09/29 18:06:21 [notice] 1#1: signal 3 (SIGQUIT) received, shutting down
2023/09/29 18:06:21 [notice] 44#44: gracefully shutting down
2023/09/29 18:06:21 [notice] 34#34: gracefully shutting down
2023/09/29 18:06:21 [notice] 33#33: gracefully shutting down
2023/09/29 18:06:21 [notice] 35#35: gracefully shutting down
2023/09/29 18:06:21 [notice] 29#29: gracefully shutting down
2023/09/29 18:06:21 [notice] 43#43: gracefully shutting down
2023/09/29 18:06:21 [notice] 40#40: gracefully shutting down
2023/09/29 18:06:21 [notice] 32#32: gracefully shutting down
2023/09/29 18:06:21 [notice] 30#30: gracefully shutting down
2023/09/29 18:06:21 [notice] 39#39: gracefully shutting down
2023/09/29 18:06:21 [notice] 42#42: gracefully shutting down
2023/09/29 18:06:21 [notice] 37#37: gracefully shutting down
2023/09/29 18:06:21 [notice] 36#36: gracefully shutting down
2023/09/29 18:06:21 [notice] 40#40: exiting
2023/09/29 18:06:21 [notice] 38#38: gracefully shutting down
2023/09/29 18:06:21 [notice] 41#41: gracefully shutting down
2023/09/29 18:06:21 [notice] 31#31: gracefully shutting down
2023/09/29 18:06:21 [notice] 33#33: exiting
2023/09/29 18:06:21 [notice] 35#35: exiting
2023/09/29 18:06:21 [notice] 40#40: exit
2023/09/29 18:06:21 [notice] 33#33: exit
2023/09/29 18:06:21 [notice] 42#42: exiting
2023/09/29 18:06:21 [notice] 44#44: exiting
2023/09/29 18:06:21 [notice] 38#38: exiting
2023/09/29 18:06:21 [notice] 39#39: exiting
2023/09/29 18:06:21 [notice] 44#44: exit
2023/09/29 18:06:21 [notice] 35#35: exit
2023/09/29 18:06:21 [notice] 42#42: exit
2023/09/29 18:06:21 [notice] 38#38: exit
2023/09/29 18:06:21 [notice] 39#39: exit
2023/09/29 18:06:21 [notice] 32#32: exiting
2023/09/29 18:06:21 [notice] 34#34: exiting
2023/09/29 18:06:21 [notice] 32#32: exit
2023/09/29 18:06:21 [notice] 36#36: exiting
2023/09/29 18:06:21 [notice] 36#36: exit
2023/09/29 18:06:21 [notice] 34#34: exit
2023/09/29 18:06:21 [notice] 30#30: exiting
2023/09/29 18:06:21 [notice] 41#41: exiting
2023/09/29 18:06:21 [notice] 29#29: exiting
2023/09/29 18:06:21 [notice] 41#41: exit
2023/09/29 18:06:21 [notice] 30#30: exit
2023/09/29 18:06:21 [notice] 31#31: exiting
2023/09/29 18:06:21 [notice] 37#37: exiting
2023/09/29 18:06:21 [notice] 29#29: exit
2023/09/29 18:06:21 [notice] 31#31: exit
2023/09/29 18:06:21 [notice] 37#37: exit
2023/09/29 18:06:21 [notice] 1#1: signal 17 (SIGCHLD) received from 36
2023/09/29 18:06:21 [notice] 1#1: worker process 36 exited with code 0
2023/09/29 18:06:21 [notice] 1#1: signal 29 (SIGIO) received
2023/09/29 18:06:21 [notice] 1#1: signal 17 (SIGCHLD) received from 38
2023/09/29 18:06:21 [notice] 1#1: worker process 29 exited with code 0
2023/09/29 18:06:21 [notice] 1#1: worker process 32 exited with code 0
2023/09/29 18:06:21 [notice] 1#1: worker process 33 exited with code 0
2023/09/29 18:06:21 [notice] 1#1: worker process 34 exited with code 0
2023/09/29 18:06:21 [notice] 1#1: worker process 35 exited with code 0
2023/09/29 18:06:21 [notice] 1#1: worker process 38 exited with code 0
2023/09/29 18:06:21 [notice] 1#1: signal 29 (SIGIO) received
2023/09/29 18:06:21 [notice] 1#1: signal 17 (SIGCHLD) received from 34
2023/09/29 18:06:21 [notice] 1#1: worker process 39 exited with code 0
2023/09/29 18:06:21 [notice] 1#1: worker process 40 exited with code 0
2023/09/29 18:06:21 [notice] 1#1: signal 29 (SIGIO) received
2023/09/29 18:06:21 [notice] 1#1: signal 17 (SIGCHLD) received from 30
2023/09/29 18:06:21 [notice] 1#1: worker process 30 exited with code 0
2023/09/29 18:06:21 [notice] 1#1: worker process 44 exited with code 0
2023/09/29 18:06:21 [notice] 1#1: signal 29 (SIGIO) received
2023/09/29 18:06:21 [notice] 1#1: signal 17 (SIGCHLD) received from 31
2023/09/29 18:06:21 [notice] 1#1: worker process 31 exited with code 0
2023/09/29 18:06:21 [notice] 1#1: worker process 37 exited with code 0
2023/09/29 18:06:21 [notice] 1#1: worker process 41 exited with code 0
2023/09/29 18:06:21 [notice] 1#1: worker process 42 exited with code 0
2023/09/29 18:06:21 [notice] 1#1: signal 29 (SIGIO) received
2023/09/29 18:06:21 [notice] 1#1: signal 17 (SIGCHLD) received from 37
2023/09/29 18:08:21 [notice] 1#1: using the "epoll" event method
2023/09/29 18:08:21 [notice] 1#1: nginx/1.25.2
2023/09/29 18:08:21 [notice] 1#1: built by gcc 12.2.1 20220924 (Alpine 12.2.1_git20220924-r10) 
2023/09/29 18:08:21 [notice] 1#1: OS: Linux 5.15.90.1-microsoft-standard-WSL2
2023/09/29 18:08:21 [notice] 1#1: getrlimit(RLIMIT_NOFILE): 1048576:1048576
2023/09/29 18:08:21 [notice] 1#1: start worker processes
2023/09/29 18:08:21 [notice] 1#1: start worker process 30
2023/09/29 18:08:21 [notice] 1#1: start worker process 31
2023/09/29 18:08:21 [notice] 1#1: start worker process 32
2023/09/29 18:08:21 [notice] 1#1: start worker process 33
2023/09/29 18:08:21 [notice] 1#1: start worker process 34
2023/09/29 18:08:21 [notice] 1#1: start worker process 35
2023/09/29 18:08:21 [notice] 1#1: start worker process 36
2023/09/29 18:08:21 [notice] 1#1: start worker process 37
2023/09/29 18:08:21 [notice] 1#1: start worker process 38
2023/09/29 18:08:21 [notice] 1#1: start worker process 39
2023/09/29 18:08:21 [notice] 1#1: start worker process 40
2023/09/29 18:08:21 [notice] 1#1: start worker process 41
2023/09/29 18:08:21 [notice] 1#1: start worker process 42
2023/09/29 18:08:21 [notice] 1#1: start worker process 43
2023/09/29 18:08:21 [notice] 1#1: start worker process 44
2023/09/29 18:08:21 [notice] 1#1: start worker process 45
2023/09/29 18:08:22 [error] 31#31: *1 connect() failed (111: Connection refused) while connecting to upstream, client: 172.26.0.1, server: , request: "GET / HTTP/1.1", upstream: "http://172.26.0.2:5173/", host: "localhost:6001", referrer: "http://localhost:6001/"
2023/09/29 18:08:22 [error] 31#31: *1 connect() failed (111: Connection refused) while connecting to upstream, client: 172.26.0.1, server: , request: "GET / HTTP/1.1", upstream: "http://172.26.0.2:5173/", host: "localhost:6001", referrer: "http://localhost:6001/"
2023/09/29 18:08:22 [error] 31#31: *1 connect() failed (111: Connection refused) while connecting to upstream, client: 172.26.0.1, server: , request: "GET /favicon.ico HTTP/1.1", upstream: "http://172.26.0.2:5173/favicon.ico", host: "localhost:6001", referrer: "http://localhost:6001/"
2023/09/30 11:01:38 [notice] 1#1: using the "epoll" event method
2023/09/30 11:01:38 [notice] 1#1: nginx/1.25.2
2023/09/30 11:01:38 [notice] 1#1: built by gcc 12.2.1 20220924 (Alpine 12.2.1_git20220924-r10) 
2023/09/30 11:01:38 [notice] 1#1: OS: Linux 5.15.90.1-microsoft-standard-WSL2
2023/09/30 11:01:38 [notice] 1#1: getrlimit(RLIMIT_NOFILE): 1048576:1048576
2023/09/30 11:01:38 [notice] 1#1: start worker processes
2023/09/30 11:01:38 [notice] 1#1: start worker process 29
2023/09/30 11:01:38 [notice] 1#1: start worker process 30
2023/09/30 11:01:38 [notice] 1#1: start worker process 31
2023/09/30 11:01:38 [notice] 1#1: start worker process 32
2023/09/30 11:01:38 [notice] 1#1: start worker process 33
2023/09/30 11:01:38 [notice] 1#1: start worker process 34
2023/09/30 11:01:38 [notice] 1#1: start worker process 35
2023/09/30 11:01:38 [notice] 1#1: start worker process 36
2023/09/30 11:01:38 [notice] 1#1: start worker process 37
2023/09/30 11:01:38 [notice] 1#1: start worker process 38
2023/09/30 11:01:38 [notice] 1#1: start worker process 39
2023/09/30 11:01:38 [notice] 1#1: start worker process 40
2023/09/30 11:01:38 [notice] 1#1: start worker process 41
2023/09/30 11:01:38 [notice] 1#1: start worker process 42
2023/09/30 11:01:38 [notice] 1#1: start worker process 43
2023/09/30 11:01:38 [notice] 1#1: start worker process 44
2023/09/30 19:18:38 [warn] 43#43: *1561 a client request body is buffered to a temporary file /var/cache/nginx/client_temp/0000000001, client: 172.26.0.1, server: , request: "POST /api/uploadFile HTTP/1.1", host: "localhost:6001", referrer: "http://localhost:6001/"
2023/09/30 19:18:38 [warn] 29#29: *1584 a client request body is buffered to a temporary file /var/cache/nginx/client_temp/0000000002, client: 172.26.0.2, server: , request: "POST /api/uploadFile HTTP/1.0", host: "nginx:81", referrer: "http://localhost:6001/"
2023/09/30 19:19:36 [warn] 43#43: *1561 a client request body is buffered to a temporary file /var/cache/nginx/client_temp/0000000003, client: 172.26.0.1, server: , request: "POST /api/uploadFile HTTP/1.1", host: "localhost:6001", referrer: "http://localhost:6001/"
2023/09/30 19:19:36 [warn] 29#29: *1596 a client request body is buffered to a temporary file /var/cache/nginx/client_temp/0000000004, client: 172.26.0.2, server: , request: "POST /api/uploadFile HTTP/1.0", host: "nginx:81", referrer: "http://localhost:6001/"
2023/09/30 21:02:45 [warn] 34#34: *2429 a client request body is buffered to a temporary file /var/cache/nginx/client_temp/0000000005, client: 172.26.0.1, server: , request: "POST /api/uploadFile HTTP/1.1", host: "localhost:6001", referrer: "http://localhost:6001/"
2023/09/30 21:02:45 [warn] 30#30: *2431 a client request body is buffered to a temporary file /var/cache/nginx/client_temp/0000000006, client: 172.26.0.2, server: , request: "POST /api/uploadFile HTTP/1.0", host: "nginx:81", referrer: "http://localhost:6001/"
2023/09/30 21:10:54 [warn] 34#34: *2476 a client request body is buffered to a temporary file /var/cache/nginx/client_temp/0000000007, client: 172.26.0.1, server: , request: "POST /api/uploadFile HTTP/1.1", host: "localhost:6001", referrer: "http://localhost:6001/"
2023/09/30 21:10:54 [warn] 30#30: *2482 a client request body is buffered to a temporary file /var/cache/nginx/client_temp/0000000008, client: 172.26.0.2, server: , request: "POST /api/uploadFile HTTP/1.0", host: "nginx:81", referrer: "http://localhost:6001/"
2023/09/30 21:12:16 [warn] 34#34: *2495 a client request body is buffered to a temporary file /var/cache/nginx/client_temp/0000000009, client: 172.26.0.1, server: , request: "POST /api/uploadFile HTTP/1.1", host: "localhost:6001", referrer: "http://localhost:6001/"
2023/09/30 21:12:16 [warn] 30#30: *2525 a client request body is buffered to a temporary file /var/cache/nginx/client_temp/0000000010, client: 172.26.0.2, server: , request: "POST /api/uploadFile HTTP/1.0", host: "nginx:81", referrer: "http://localhost:6001/"
2023/09/30 21:24:54 [error] 30#30: *2688 connect() failed (111: Connection refused) while connecting to upstream, client: 172.26.0.2, server: , request: "POST /api/uploadFile HTTP/1.0", upstream: "http://172.26.0.3:5000/api/uploadFile", host: "nginx:81", referrer: "http://localhost:6001/"
2023/10/01 15:33:55 [error] 41#41: *7944 upstream prematurely closed connection while reading response header from upstream, client: 172.26.0.2, server: , request: "POST /api/sudokuHandle HTTP/1.0", upstream: "http://172.26.0.3:5000/api/sudokuHandle", host: "nginx:81", referrer: "http://localhost:6001/"
2023/10/01 16:09:42 [error] 43#43: *8301 upstream prematurely closed connection while reading response header from upstream, client: 172.26.0.2, server: , request: "POST /api/sudokuHandle HTTP/1.0", upstream: "http://172.26.0.3:5000/api/sudokuHandle", host: "nginx:81", referrer: "http://localhost:6001/"
2023/10/01 17:39:11 [error] 42#42: *9963 upstream prematurely closed connection while reading response header from upstream, client: 172.26.0.2, server: , request: "POST /api/sudokuHandle HTTP/1.0", upstream: "http://172.26.0.3:5000/api/sudokuHandle", host: "nginx:81", referrer: "http://localhost:6001/"
2023/10/01 17:42:23 [error] 42#42: *10047 upstream prematurely closed connection while reading response header from upstream, client: 172.26.0.2, server: , request: "POST /api/sudokuHandle HTTP/1.0", upstream: "http://172.26.0.3:5000/api/sudokuHandle", host: "nginx:81", referrer: "http://localhost:6001/"
2023/10/01 17:42:41 [error] 42#42: *10050 connect() failed (111: Connection refused) while connecting to upstream, client: 172.26.0.2, server: , request: "POST /api/uploadFile HTTP/1.0", upstream: "http://172.26.0.3:5000/api/uploadFile", host: "nginx:81", referrer: "http://localhost:6001/"
2023/10/01 17:43:01 [error] 42#42: *10053 connect() failed (111: Connection refused) while connecting to upstream, client: 172.26.0.2, server: , request: "POST /api/uploadFile HTTP/1.0", upstream: "http://172.26.0.3:5000/api/uploadFile", host: "nginx:81", referrer: "http://localhost:6001/"
2023/10/01 18:13:00 [error] 31#31: *10532 upstream prematurely closed connection while reading response header from upstream, client: 172.26.0.2, server: , request: "POST /api/sudokuHandle HTTP/1.0", upstream: "http://172.26.0.3:5000/api/sudokuHandle", host: "nginx:81", referrer: "http://localhost:6001/"
2023/10/01 18:14:03 [error] 29#29: *10571 upstream prematurely closed connection while reading response header from upstream, client: 172.26.0.2, server: , request: "POST /api/sudokuHandle HTTP/1.0", upstream: "http://172.26.0.3:5000/api/sudokuHandle", host: "nginx:81", referrer: "http://localhost:6001/"
2023/10/01 18:26:43 [error] 34#34: *11054 upstream prematurely closed connection while reading response header from upstream, client: 172.26.0.2, server: , request: "POST /api/sudokuHandle HTTP/1.0", upstream: "http://172.26.0.3:5000/api/sudokuHandle", host: "nginx:81", referrer: "http://localhost:6001/"
2023/10/01 20:06:31 [error] 29#29: *13761 upstream prematurely closed connection while reading response header from upstream, client: 172.26.0.2, server: , request: "POST /api/sudokuHandle HTTP/1.0", upstream: "http://172.26.0.3:5000/api/sudokuHandle", host: "nginx:81", referrer: "http://localhost:6001/"
2023/10/01 20:07:17 [error] 29#29: *13764 upstream prematurely closed connection while reading response header from upstream, client: 172.26.0.2, server: , request: "POST /api/sudokuHandle HTTP/1.0", upstream: "http://172.26.0.3:5000/api/sudokuHandle", host: "nginx:81", referrer: "http://localhost:6001/"
2023/10/01 20:25:18 [error] 30#30: *13996 upstream prematurely closed connection while reading response header from upstream, client: 172.26.0.2, server: , request: "POST /api/sudokuHandle HTTP/1.0", upstream: "http://172.26.0.3:5000/api/sudokuHandle", host: "nginx:81", referrer: "http://localhost:6001/"
2023/10/01 20:27:24 [error] 30#30: *14041 upstream prematurely closed connection while reading response header from upstream, client: 172.26.0.2, server: , request: "POST /api/sudokuHandle HTTP/1.0", upstream: "http://172.26.0.3:5000/api/sudokuHandle", host: "nginx:81", referrer: "http://localhost:6001/"
2023/10/01 20:38:31 [error] 36#36: *14417 upstream prematurely closed connection while reading response header from upstream, client: 172.26.0.2, server: , request: "POST /api/sudokuHandle HTTP/1.0", upstream: "http://172.26.0.3:5000/api/sudokuHandle", host: "nginx:81", referrer: "http://localhost:6001/"
2023/10/01 20:39:38 [error] 36#36: *14421 upstream prematurely closed connection while reading response header from upstream, client: 172.26.0.2, server: , request: "POST /api/sudokuHandle HTTP/1.0", upstream: "http://172.26.0.3:5000/api/sudokuHandle", host: "nginx:81", referrer: "http://localhost:6001/"
2023/10/01 20:46:10 [error] 39#39: *14599 upstream prematurely closed connection while reading response header from upstream, client: 172.26.0.2, server: , request: "POST /api/sudokuHandle HTTP/1.0", upstream: "http://172.26.0.3:5000/api/sudokuHandle", host: "nginx:81", referrer: "http://localhost:6001/"
2023/10/01 20:47:07 [error] 39#39: *14602 upstream prematurely closed connection while reading response header from upstream, client: 172.26.0.2, server: , request: "POST /api/sudokuHandle HTTP/1.0", upstream: "http://172.26.0.3:5000/api/sudokuHandle", host: "nginx:81", referrer: "http://localhost:6001/"
2023/10/01 21:08:44 [error] 43#43: *14958 connect() failed (111: Connection refused) while connecting to upstream, client: 172.26.0.2, server: , request: "POST /api/uploadFile HTTP/1.0", upstream: "http://172.26.0.3:5000/api/uploadFile", host: "nginx:81", referrer: "http://localhost:6001/"
